#
# There is insufficient memory for the Java Runtime Environment to continue.
# Native memory allocation (mmap) failed to map 65536 bytes for Failed to commit metaspace.
# Possible reasons:
#   The system is out of physical RAM or swap space
#   The process is running with CompressedOops enabled, and the Java Heap may be blocking the growth of the native heap
# Possible solutions:
#   Reduce memory load on the system
#   Increase physical memory or swap space
#   Check if swap backing store is full
#   Decrease Java heap size (-Xmx/-Xms)
#   Decrease number of Java threads
#   Decrease Java thread stack sizes (-Xss)
#   Set larger code cache with -XX:ReservedCodeCacheSize=
#   JVM is running with Unscaled Compressed Oops mode in which the Java heap is
#     placed in the first 4GB address space. The Java Heap base address is the
#     maximum limit for the native heap growth. Please use -XX:HeapBaseMinAddress
#     to set the Java Heap base and to place the Java Heap above 4GB virtual address.
# This output file may be truncated or incomplete.
#
#  Out of Memory Error (virtualSpaceNode.cpp:110), pid=13316, tid=7272
#
# JRE version: OpenJDK Runtime Environment Temurin-17.0.4.1+1 (17.0.4.1+1) (build 17.0.4.1+1)
# Java VM: OpenJDK 64-Bit Server VM Temurin-17.0.4.1+1 (17.0.4.1+1, mixed mode, tiered, compressed oops, compressed class ptrs, parallel gc, windows-amd64)
# No core dump will be written. Minidumps are not enabled by default on client versions of Windows
#

---------------  S U M M A R Y ------------

Command Line: --add-modules=ALL-SYSTEM --add-opens=java.base/java.util=ALL-UNNAMED --add-opens=java.base/java.lang=ALL-UNNAMED --add-opens=java.base/sun.nio.fs=ALL-UNNAMED -Declipse.application=org.eclipse.jdt.ls.core.id1 -Dosgi.bundles.defaultStartLevel=4 -Declipse.product=org.eclipse.jdt.ls.core.product -Djava.import.generatesMetadataFilesAtProjectRoot=false -Dfile.encoding=utf8 -DwatchParentProcess=false -XX:+UseParallelGC -XX:GCTimeRatio=4 -XX:AdaptiveSizePolicyWeight=90 -Dsun.zip.disableMemoryMapping=true -Xmx1G -Xms100m -Xlog:disable -javaagent:c:\Users\Alex\.vscode\extensions\redhat.java-1.11.0-win32-x64\lombok\lombok-1.18.24.jar c:\Users\Alex\.vscode\extensions\redhat.java-1.11.0-win32-x64\server\plugins\org.eclipse.equinox.launcher_1.6.400.v20210924-0641.jar -configuration c:\Users\Alex\AppData\Roaming\Code\User\globalStorage\redhat.java\1.11.0\config_ss_win -data c:\Users\Alex\AppData\Roaming\Code\User\workspaceStorage\3b4a1bb62d924b5bd1142299cd15f1c9\redhat.java\ss_ws

Host: Intel(R) Core(TM) i5-5287U CPU @ 2.90GHz, 2 cores, 2G,  Windows 10 , 64 bit Build 19041 (10.0.19041.1889)
Time: Sat Oct 15 09:37:43 2022 E. Europe Summer Time elapsed time: 2.936383 seconds (0d 0h 0m 2s)

---------------  T H R E A D  ---------------

Current thread (0x0000026e27b12950):  JavaThread "main" [_thread_in_vm, id=7272, stack(0x0000009270500000,0x0000009270600000)]

Stack: [0x0000009270500000,0x0000009270600000]
Native frames: (J=compiled Java code, j=interpreted, Vv=VM code, C=native code)
V  [jvm.dll+0x67731a]
V  [jvm.dll+0x832284]
V  [jvm.dll+0x833a2e]
V  [jvm.dll+0x834093]
V  [jvm.dll+0x245775]
V  [jvm.dll+0x82e22b]
V  [jvm.dll+0x61bdf6]
V  [jvm.dll+0x61be5a]
V  [jvm.dll+0x61e67a]
V  [jvm.dll+0x61c796]
V  [jvm.dll+0x239e0f]
V  [jvm.dll+0x6265a5]
V  [jvm.dll+0x1ea5db]
V  [jvm.dll+0x1eab15]
V  [jvm.dll+0x1eb54f]
V  [jvm.dll+0x1e09f1]
V  [jvm.dll+0x53c910]
V  [jvm.dll+0x1f11e7]
V  [jvm.dll+0x7ac56b]
V  [jvm.dll+0x7ad912]
V  [jvm.dll+0x7adc48]
V  [jvm.dll+0x23db7e]
V  [jvm.dll+0x37f29e]
C  0x0000026e2a7caf44

Java frames: (J=compiled Java code, j=interpreted, Vv=VM code)
j  java.util.Collections.synchronizedMap(Ljava/util/Map;)Ljava/util/Map;+0 java.base@17.0.4.1
j  sun.security.x509.CertificateExtensions.<init>(Lsun/security/util/DerInputStream;)V+12 java.base@17.0.4.1
j  sun.security.x509.X509CertInfo.parse(Lsun/security/util/DerValue;)V+335 java.base@17.0.4.1
j  sun.security.x509.X509CertInfo.<init>(Lsun/security/util/DerValue;)V+67 java.base@17.0.4.1
j  sun.security.x509.X509CertImpl.parse(Lsun/security/util/DerValue;)V+228 java.base@17.0.4.1
j  sun.security.x509.X509CertImpl.<init>([B)V+50 java.base@17.0.4.1
j  sun.security.provider.X509Factory.engineGenerateCertificate(Ljava/io/InputStream;)Ljava/security/cert/Certificate;+54 java.base@17.0.4.1
j  java.security.cert.CertificateFactory.generateCertificate(Ljava/io/InputStream;)Ljava/security/cert/Certificate;+5 java.base@17.0.4.1
j  sun.security.pkcs.PKCS7.parseSignedData(Lsun/security/util/DerValue;)V+264 java.base@17.0.4.1
j  sun.security.pkcs.PKCS7.parse(Lsun/security/util/DerInputStream;Z)V+40 java.base@17.0.4.1
j  sun.security.pkcs.PKCS7.parse(Lsun/security/util/DerInputStream;)V+11 java.base@17.0.4.1
j  sun.security.pkcs.PKCS7.<init>([B)V+50 java.base@17.0.4.1
j  sun.security.util.SignatureFileVerifier.<init>(Ljava/util/ArrayList;Lsun/security/util/ManifestDigester;Ljava/lang/String;[B)V+40 java.base@17.0.4.1
j  java.util.jar.JarVerifier.processEntry(Lsun/security/util/ManifestEntryVerifier;)V+322 java.base@17.0.4.1
j  java.util.jar.JarVerifier.update(I[BIILsun/security/util/ManifestEntryVerifier;)V+39 java.base@17.0.4.1
j  java.util.jar.JarFile.initializeVerifier()V+163 java.base@17.0.4.1
j  java.util.jar.JarFile.ensureInitialization()V+41 java.base@17.0.4.1
j  java.util.jar.JavaUtilJarAccessImpl.ensureInitialization(Ljava/util/jar/JarFile;)V+1 java.base@17.0.4.1
j  jdk.internal.loader.URLClassPath$JarLoader$2.getManifest()Ljava/util/jar/Manifest;+10 java.base@17.0.4.1
j  jdk.internal.loader.BuiltinClassLoader.defineClass(Ljava/lang/String;Ljdk/internal/loader/Resource;)Ljava/lang/Class;+29 java.base@17.0.4.1
j  jdk.internal.loader.BuiltinClassLoader.findClassOnClassPathOrNull(Ljava/lang/String;)Ljava/lang/Class;+37 java.base@17.0.4.1
j  jdk.internal.loader.BuiltinClassLoader.loadClassOrNull(Ljava/lang/String;Z)Ljava/lang/Class;+111 java.base@17.0.4.1
j  jdk.internal.loader.BuiltinClassLoader.loadClass(Ljava/lang/String;Z)Ljava/lang/Class;+3 java.base@17.0.4.1
j  jdk.internal.loader.ClassLoaders$AppClassLoader.loadClass(Ljava/lang/String;Z)Ljava/lang/Class;+36 java.base@17.0.4.1
j  java.lang.ClassLoader.loadClass(Ljava/lang/String;)Ljava/lang/Class;+3 java.base@17.0.4.1
v  ~StubRoutines::call_stub
j  java.lang.Class.forName0(Ljava/lang/String;ZLjava/lang/ClassLoader;Ljava/lang/Class;)Ljava/lang/Class;+0 java.base@17.0.4.1
j  java.lang.Class.forName(Ljava/lang/String;ZLjava/lang/ClassLoader;)Ljava/lang/Class;+43 java.base@17.0.4.1
j  sun.launcher.LauncherHelper.loadMainClass(ILjava/lang/String;)Ljava/lang/Class;+95 java.base@17.0.4.1
j  sun.launcher.LauncherHelper.checkAndLoadMain(ZILjava/lang/String;)Ljava/lang/Class;+42 java.base@17.0.4.1
v  ~StubRoutines::call_stub

---------------  P R O C E S S  ---------------

Threads class SMR info:
_java_thread_list=0x0000026e3cf2e890, length=12, elements={
0x0000026e27b12950, 0x0000026e3b8f0b50, 0x0000026e3b8f19c0, 0x0000026e3b917260,
0x0000026e3b9180d0, 0x0000026e3b918f40, 0x0000026e3b91ca70, 0x0000026e3b91e810,
0x0000026e3b9212c0, 0x0000026e3b943cf0, 0x0000026e3b9a8850, 0x0000026e3cefa540
}

Java Threads: ( => current thread )
=>0x0000026e27b12950 JavaThread "main" [_thread_in_vm, id=7272, stack(0x0000009270500000,0x0000009270600000)]
  0x0000026e3b8f0b50 JavaThread "Reference Handler" daemon [_thread_blocked, id=14588, stack(0x0000009270800000,0x0000009270900000)]
  0x0000026e3b8f19c0 JavaThread "Finalizer" daemon [_thread_blocked, id=8664, stack(0x0000009270900000,0x0000009270a00000)]
  0x0000026e3b917260 JavaThread "Signal Dispatcher" daemon [_thread_blocked, id=4184, stack(0x0000009270a00000,0x0000009270b00000)]
  0x0000026e3b9180d0 JavaThread "Attach Listener" daemon [_thread_blocked, id=13420, stack(0x0000009270b00000,0x0000009270c00000)]
  0x0000026e3b918f40 JavaThread "Service Thread" daemon [_thread_blocked, id=13040, stack(0x0000009270c00000,0x0000009270d00000)]
  0x0000026e3b91ca70 JavaThread "Monitor Deflation Thread" daemon [_thread_blocked, id=12036, stack(0x0000009270d00000,0x0000009270e00000)]
  0x0000026e3b91e810 JavaThread "C2 CompilerThread0" daemon [_thread_blocked, id=14008, stack(0x0000009270e00000,0x0000009270f00000)]
  0x0000026e3b9212c0 JavaThread "C1 CompilerThread0" daemon [_thread_blocked, id=7920, stack(0x0000009270f00000,0x0000009271000000)]
  0x0000026e3b943cf0 JavaThread "Sweeper thread" daemon [_thread_blocked, id=480, stack(0x0000009271000000,0x0000009271100000)]
  0x0000026e3b9a8850 JavaThread "Common-Cleaner" daemon [_thread_blocked, id=9328, stack(0x0000009271100000,0x0000009271200000)]
  0x0000026e3cefa540 JavaThread "Notification Thread" daemon [_thread_blocked, id=9100, stack(0x0000009271200000,0x0000009271300000)]

Other Threads:
  0x0000026e27bee480 VMThread "VM Thread" [stack: 0x0000009270700000,0x0000009270800000] [id=5204] _threads_hazard_ptr=0x0000026e3cf2e890
  0x0000026e3cef7ba0 WatcherThread [stack: 0x0000009271300000,0x0000009271400000] [id=15132]
  0x0000026e27b288d0 GCTaskThread "GC Thread#0" [stack: 0x0000009270600000,0x0000009270700000] [id=2396]

Threads with active compile tasks:

VM state: synchronizing (normal execution)

VM Mutex/Monitor currently owned by a thread:  ([mutex/lock_event])
[0x0000026e27b0d370] Metaspace_lock - owner thread: 0x0000026e27b12950
[0x0000026e27b0e930] Threads_lock - owner thread: 0x0000026e27bee480

Heap address: 0x00000000c0000000, size: 1024 MB, Compressed Oops mode: 32-bit

CDS archive(s) not mapped
Compressed class space mapped at: 0x0000000100000000-0x0000000140000000, reserved size: 1073741824
Narrow klass base: 0x0000000000000000, Narrow klass shift: 3, Narrow klass range: 0x140000000

GC Precious Log:
 CPUs: 2 total, 2 available
 Memory: 2499M
 Large Page Support: Disabled
 NUMA Support: Disabled
 Compressed Oops: Enabled (32-bit)
 Alignments: Space 512K, Generation 512K, Heap 2M
 Heap Min Capacity: 100M
 Heap Initial Capacity: 100M
 Heap Max Capacity: 1G
 Pre-touch: Disabled
 Parallel Workers: 2

Heap:
 PSYoungGen      total 29696K, used 9309K [0x00000000eab00000, 0x00000000ecc00000, 0x0000000100000000)
  eden space 25600K, 36% used [0x00000000eab00000,0x00000000eb417608,0x00000000ec400000)
  from space 4096K, 0% used [0x00000000ec800000,0x00000000ec800000,0x00000000ecc00000)
  to   space 4096K, 0% used [0x00000000ec400000,0x00000000ec400000,0x00000000ec800000)
 ParOldGen       total 68608K, used 0K [0x00000000c0000000, 0x00000000c4300000, 0x00000000eab00000)
  object space 68608K, 0% used [0x00000000c0000000,0x00000000c0000000,0x00000000c4300000)
 Metaspace       used 7222K, committed 7296K, reserved 1056768K
  class space    used 704K, committed 768K, reserved 1048576K

Card table byte_map: [0x0000026e274d0000,0x0000026e276e0000] _byte_map_base: 0x0000026e26ed0000

Marking Bits: (ParMarkBitMap*) 0x00007ffbceef2cc0
 Begin Bits: [0x0000026e397b0000, 0x0000026e3a7b0000)
 End Bits:   [0x0000026e3a7b0000, 0x0000026e3b7b0000)

Polling page: 0x0000026e25950000

Metaspace:

Usage:
  Non-class:      6.37 MB used.
      Class:    704.33 KB used.
       Both:      7.05 MB used.

Virtual space:
  Non-class space:        8.00 MB reserved,       6.38 MB ( 80%) committed,  1 nodes.
      Class space:        1.00 GB reserved,     768.00 KB ( <1%) committed,  1 nodes.
             Both:        1.01 GB reserved,       7.12 MB ( <1%) committed. 

Chunk freelists:
   Non-Class:  1.00 MB
       Class:  3.22 MB
        Both:  4.22 MB

MaxMetaspaceSize: unlimited
CompressedClassSpaceSize: 1.00 GB
Initial GC threshold: 21.00 MB
Current GC threshold: 21.00 MB
CDS: off
MetaspaceReclaimPolicy: balanced
 - commit_granule_bytes: 65536.
 - commit_granule_words: 8192.
 - virtual_space_node_default_size: 1048576.
 - enlarge_chunks_in_place: 1.
 - new_chunks_are_fully_committed: 0.
 - uncommit_free_chunks: 1.
 - use_allocation_guard: 0.
 - handle_deallocations: 1.


Internal statistics:

num_allocs_failed_limit: 0.
num_arena_births: 10.
num_arena_deaths: 0.
num_vsnodes_births: 2.
num_vsnodes_deaths: 0.
num_space_committed: 114.
num_space_uncommitted: 0.
num_chunks_returned_to_freelist: 0.
num_chunks_taken_from_freelist: 37.
num_chunk_merges: 0.
num_chunk_splits: 20.
num_chunks_enlarged: 16.
num_purges: 0.
num_inconsistent_stats: 0.

CodeHeap 'non-profiled nmethods': size=120064Kb used=133Kb max_used=133Kb free=119930Kb
 bounds [0x0000026e32270000, 0x0000026e324e0000, 0x0000026e397b0000]
CodeHeap 'profiled nmethods': size=120000Kb used=614Kb max_used=614Kb free=119385Kb
 bounds [0x0000026e2ad40000, 0x0000026e2afb0000, 0x0000026e32270000]
CodeHeap 'non-nmethods': size=5696Kb used=1105Kb max_used=1120Kb free=4590Kb
 bounds [0x0000026e2a7b0000, 0x0000026e2aa20000, 0x0000026e2ad40000]
 total_blobs=819 nmethods=432 adapters=302
 compilation: enabled
              stopped_count=0, restarted_count=0
 full_count=0

Compilation events (20 events):
Event: 2.899 Thread 0x0000026e3b9212c0 nmethod 420 0x0000026e2add7f90 code [0x0000026e2add8140, 0x0000026e2add8328]
Event: 2.899 Thread 0x0000026e3b9212c0  422       3       sun.security.util.ObjectIdentifier::pack (221 bytes)
Event: 2.899 Thread 0x0000026e3b9212c0 nmethod 422 0x0000026e2add8410 code [0x0000026e2add85e0, 0x0000026e2add8c08]
Event: 2.899 Thread 0x0000026e3b9212c0  421       3       sun.security.util.ObjectIdentifier::pack7Oid (84 bytes)
Event: 2.900 Thread 0x0000026e3b9212c0 nmethod 421 0x0000026e2add8e90 code [0x0000026e2add9060, 0x0000026e2add93b8]
Event: 2.903 Thread 0x0000026e3b91e810  423       4       java.util.ArrayList$Itr::hasNext (20 bytes)
Event: 2.903 Thread 0x0000026e3b91e810 nmethod 423 0x0000026e3228ee90 code [0x0000026e3228f000, 0x0000026e3228f098]
Event: 2.905 Thread 0x0000026e3b91e810  424       4       java.util.HashMap$HashIterator::<init> (79 bytes)
Event: 2.910 Thread 0x0000026e3b91e810 nmethod 424 0x0000026e3228f190 code [0x0000026e3228f320, 0x0000026e3228f5f8]
Event: 2.912 Thread 0x0000026e3b91e810  425       4       java.lang.String::replace (42 bytes)
Event: 2.916 Thread 0x0000026e3b9212c0  428       1       sun.security.util.KnownOIDs::value (5 bytes)
Event: 2.916 Thread 0x0000026e3b9212c0 nmethod 428 0x0000026e3228f710 code [0x0000026e3228f8a0, 0x0000026e3228f978]
Event: 2.917 Thread 0x0000026e3b9212c0  429       1       java.security.Provider$Service::getType (5 bytes)
Event: 2.917 Thread 0x0000026e3b9212c0 nmethod 429 0x0000026e3228fa10 code [0x0000026e3228fba0, 0x0000026e3228fc78]
Event: 2.917 Thread 0x0000026e3b9212c0  430       1       java.security.Provider$Service::getAlgorithm (5 bytes)
Event: 2.917 Thread 0x0000026e3b9212c0 nmethod 430 0x0000026e3228fd10 code [0x0000026e3228fea0, 0x0000026e3228ff78]
Event: 2.917 Thread 0x0000026e3b9212c0  431       1       java.security.Provider$Service::getAliases (5 bytes)
Event: 2.917 Thread 0x0000026e3b9212c0 nmethod 431 0x0000026e32290010 code [0x0000026e322901a0, 0x0000026e32290278]
Event: 2.918 Thread 0x0000026e3b9212c0  432       3       java.security.Provider$ServiceKey::hashCode (19 bytes)
Event: 2.918 Thread 0x0000026e3b9212c0 nmethod 432 0x0000026e2add9590 code [0x0000026e2add9740, 0x0000026e2add98d8]

GC Heap History (0 events):
No events

Deoptimization events (16 events):
Event: 1.609 Thread 0x0000026e27b12950 Uncommon trap: trap_request=0xffffff45 fr.pc=0x0000026e32279400 relative=0x0000000000000160
Event: 1.609 Thread 0x0000026e27b12950 Uncommon trap: reason=unstable_if action=reinterpret pc=0x0000026e32279400 method=java.lang.String.hashCode()I @ 13 c2
Event: 1.610 Thread 0x0000026e27b12950 DEOPT PACKING pc=0x0000026e32279400 sp=0x00000092705fd8d0
Event: 1.610 Thread 0x0000026e27b12950 DEOPT UNPACKING pc=0x0000026e2a8020a3 sp=0x00000092705fd868 mode 2
Event: 2.425 Thread 0x0000026e27b12950 DEOPT PACKING pc=0x0000026e2ad4fe13 sp=0x00000092705fd5a0
Event: 2.425 Thread 0x0000026e27b12950 DEOPT UNPACKING pc=0x0000026e2a802843 sp=0x00000092705fca60 mode 0
Event: 2.430 Thread 0x0000026e27b12950 Uncommon trap: trap_request=0xffffff45 fr.pc=0x0000026e3227e874 relative=0x0000000000000074
Event: 2.430 Thread 0x0000026e27b12950 Uncommon trap: reason=unstable_if action=reinterpret pc=0x0000026e3227e874 method=java.lang.String.isLatin1()Z @ 10 c2
Event: 2.430 Thread 0x0000026e27b12950 DEOPT PACKING pc=0x0000026e3227e874 sp=0x00000092705feb90
Event: 2.430 Thread 0x0000026e27b12950 DEOPT UNPACKING pc=0x0000026e2a8020a3 sp=0x00000092705fead0 mode 2
Event: 2.433 Thread 0x0000026e27b12950 DEOPT PACKING pc=0x0000026e2ad84456 sp=0x00000092705feb40
Event: 2.433 Thread 0x0000026e27b12950 DEOPT UNPACKING pc=0x0000026e2a802843 sp=0x00000092705fdfe0 mode 0
Event: 2.860 Thread 0x0000026e27b12950 Uncommon trap: trap_request=0xffffff45 fr.pc=0x0000026e3227cca4 relative=0x0000000000000644
Event: 2.860 Thread 0x0000026e27b12950 Uncommon trap: reason=unstable_if action=reinterpret pc=0x0000026e3227cca4 method=java.util.HashMap.putVal(ILjava/lang/Object;Ljava/lang/Object;ZZ)Ljava/lang/Object; @ 181 c2
Event: 2.861 Thread 0x0000026e27b12950 DEOPT PACKING pc=0x0000026e3227cca4 sp=0x00000092705fd9d0
Event: 2.861 Thread 0x0000026e27b12950 DEOPT UNPACKING pc=0x0000026e2a8020a3 sp=0x00000092705fd940 mode 2

Classes unloaded (0 events):
No events

Classes redefined (0 events):
No events

Internal exceptions (2 events):
Event: 1.511 Thread 0x0000026e27b12950 Exception <a 'java/lang/NoSuchMethodError'{0x00000000eac32120}: 'void java.lang.invoke.DirectMethodHandle$Holder.invokeStatic(java.lang.Object, java.lang.Object, java.lang.Object)'> (0x00000000eac32120) 
thrown [s\src\hotspot\share\interpreter\linkResolver.cpp, line 759]
Event: 2.143 Thread 0x0000026e27b12950 Exception <a 'java/lang/reflect/InvocationTargetException'{0x00000000eaf77f80}> (0x00000000eaf77f80) 
thrown [s\src\hotspot\share\runtime\reflection.cpp, line 1121]

VM Operations (4 events):
Event: 1.519 Executing VM operation: HandshakeAllThreads
Event: 1.520 Executing VM operation: HandshakeAllThreads done
Event: 1.948 Executing VM operation: HandshakeAllThreads
Event: 1.948 Executing VM operation: HandshakeAllThreads done

Events (20 events):
Event: 2.920 loading class java/security/spec/PSSParameterSpec done
Event: 2.920 loading class sun/security/rsa/RSAPublicKeyImpl
Event: 2.920 loading class java/security/interfaces/RSAPublicKey
Event: 2.921 loading class java/security/interfaces/RSAKey
Event: 2.921 loading class java/security/interfaces/RSAKey done
Event: 2.921 loading class java/security/interfaces/RSAPublicKey done
Event: 2.921 loading class sun/security/rsa/RSAPublicKeyImpl done
Event: 2.921 loading class sun/security/util/IOUtils
Event: 2.921 loading class sun/security/util/IOUtils done
Event: 2.921 loading class sun/security/rsa/RSAUtil
Event: 2.922 loading class sun/security/rsa/RSAUtil done
Event: 2.922 loading class sun/security/x509/CertificateExtensions
Event: 2.922 loading class sun/security/x509/CertificateExtensions done
Event: 2.922 loading class java/util/TreeMap
Event: 2.923 loading class java/util/NavigableMap
Event: 2.923 loading class java/util/SortedMap
Event: 2.924 loading class java/util/SortedMap done
Event: 2.924 loading class java/util/NavigableMap done
Event: 2.924 loading class java/util/TreeMap done
Event: 2.924 loading class java/util/Collections$SynchronizedMap


Dynamic libraries:
0x00007ff718360000 - 0x00007ff71836e000 	c:\Users\Alex\.vscode\extensions\redhat.java-1.11.0-win32-x64\jre\17.0.4.1-win32-x86_64\bin\java.exe
0x00007ffc4b1f0000 - 0x00007ffc4b3e8000 	C:\Windows\SYSTEM32\ntdll.dll
0x00007ffc49f90000 - 0x00007ffc4a04d000 	C:\Windows\System32\KERNEL32.DLL
0x00007ffc48f70000 - 0x00007ffc49242000 	C:\Windows\System32\KERNELBASE.dll
0x00007ffc48cd0000 - 0x00007ffc48dd0000 	C:\Windows\System32\ucrtbase.dll
0x00007ffc20470000 - 0x00007ffc20489000 	c:\Users\Alex\.vscode\extensions\redhat.java-1.11.0-win32-x64\jre\17.0.4.1-win32-x86_64\bin\VCRUNTIME140.dll
0x00007ffc1ce30000 - 0x00007ffc1ce48000 	c:\Users\Alex\.vscode\extensions\redhat.java-1.11.0-win32-x64\jre\17.0.4.1-win32-x86_64\bin\jli.dll
0x00007ffc49d30000 - 0x00007ffc49ecd000 	C:\Windows\System32\USER32.dll
0x00007ffc48a10000 - 0x00007ffc48a32000 	C:\Windows\System32\win32u.dll
0x00007ffc4ad60000 - 0x00007ffc4ad8b000 	C:\Windows\System32\GDI32.dll
0x00007ffc48900000 - 0x00007ffc48a0f000 	C:\Windows\System32\gdi32full.dll
0x00007ffc48a40000 - 0x00007ffc48add000 	C:\Windows\System32\msvcp_win.dll
0x00007ffc221f0000 - 0x00007ffc2248a000 	C:\Windows\WinSxS\amd64_microsoft.windows.common-controls_6595b64144ccf1df_6.0.19041.1110_none_60b5254171f9507e\COMCTL32.dll
0x00007ffc4a050000 - 0x00007ffc4a0ee000 	C:\Windows\System32\msvcrt.dll
0x00007ffc49c50000 - 0x00007ffc49c80000 	C:\Windows\System32\IMM32.DLL
0x00007ffc390b0000 - 0x00007ffc390bc000 	c:\Users\Alex\.vscode\extensions\redhat.java-1.11.0-win32-x64\jre\17.0.4.1-win32-x86_64\bin\vcruntime140_1.dll
0x00007ffc04ee0000 - 0x00007ffc04f71000 	c:\Users\Alex\.vscode\extensions\redhat.java-1.11.0-win32-x64\jre\17.0.4.1-win32-x86_64\bin\msvcp140.dll
0x00007ffbce370000 - 0x00007ffbcefb6000 	c:\Users\Alex\.vscode\extensions\redhat.java-1.11.0-win32-x64\jre\17.0.4.1-win32-x86_64\bin\server\jvm.dll
0x00007ffc49940000 - 0x00007ffc499ee000 	C:\Windows\System32\ADVAPI32.dll
0x00007ffc49c90000 - 0x00007ffc49d2c000 	C:\Windows\System32\sechost.dll
0x00007ffc4a8d0000 - 0x00007ffc4a9f5000 	C:\Windows\System32\RPCRT4.dll
0x00007ffc49c80000 - 0x00007ffc49c88000 	C:\Windows\System32\PSAPI.DLL
0x00007ffc34960000 - 0x00007ffc34969000 	C:\Windows\SYSTEM32\WSOCK32.dll
0x00007ffc4b140000 - 0x00007ffc4b1ab000 	C:\Windows\System32\WS2_32.dll
0x00007ffc40cb0000 - 0x00007ffc40cd7000 	C:\Windows\SYSTEM32\WINMM.dll
0x00007ffc40ce0000 - 0x00007ffc40cea000 	C:\Windows\SYSTEM32\VERSION.dll
0x00007ffc467c0000 - 0x00007ffc467d2000 	C:\Windows\SYSTEM32\kernel.appcore.dll
0x00007ffc1d200000 - 0x00007ffc1d20a000 	c:\Users\Alex\.vscode\extensions\redhat.java-1.11.0-win32-x64\jre\17.0.4.1-win32-x86_64\bin\jimage.dll
0x00007ffc38c20000 - 0x00007ffc38e04000 	C:\Windows\SYSTEM32\DBGHELP.DLL
0x00007ffc38900000 - 0x00007ffc3892c000 	C:\Windows\SYSTEM32\dbgcore.DLL
0x00007ffc48ae0000 - 0x00007ffc48b62000 	C:\Windows\System32\bcryptPrimitives.dll
0x00007ffc1c7a0000 - 0x00007ffc1c7ae000 	c:\Users\Alex\.vscode\extensions\redhat.java-1.11.0-win32-x64\jre\17.0.4.1-win32-x86_64\bin\instrument.dll
0x00007ffc10e50000 - 0x00007ffc10e75000 	c:\Users\Alex\.vscode\extensions\redhat.java-1.11.0-win32-x64\jre\17.0.4.1-win32-x86_64\bin\java.dll
0x00007ffc1c470000 - 0x00007ffc1c488000 	c:\Users\Alex\.vscode\extensions\redhat.java-1.11.0-win32-x64\jre\17.0.4.1-win32-x86_64\bin\zip.dll
0x00007ffc4a0f0000 - 0x00007ffc4a833000 	C:\Windows\System32\SHELL32.dll
0x00007ffc469c0000 - 0x00007ffc47151000 	C:\Windows\SYSTEM32\windows.storage.dll
0x00007ffc4aa00000 - 0x00007ffc4ad54000 	C:\Windows\System32\combase.dll
0x00007ffc48280000 - 0x00007ffc482b0000 	C:\Windows\SYSTEM32\Wldp.dll
0x00007ffc4b010000 - 0x00007ffc4b0bd000 	C:\Windows\System32\SHCORE.dll
0x00007ffc49f30000 - 0x00007ffc49f85000 	C:\Windows\System32\shlwapi.dll
0x00007ffc48840000 - 0x00007ffc4885f000 	C:\Windows\SYSTEM32\profapi.dll
0x00007ffc17290000 - 0x00007ffc172a9000 	C:\Users\Alex\.vscode\extensions\redhat.java-1.11.0-win32-x64\jre\17.0.4.1-win32-x86_64\bin\net.dll
0x00007ffc40450000 - 0x00007ffc4055d000 	C:\Windows\SYSTEM32\WINHTTP.dll
0x00007ffc47fe0000 - 0x00007ffc4804a000 	C:\Windows\system32\mswsock.dll
0x00007ffc10a70000 - 0x00007ffc10a85000 	C:\Users\Alex\.vscode\extensions\redhat.java-1.11.0-win32-x64\jre\17.0.4.1-win32-x86_64\bin\nio.dll
0x00007ffc1a680000 - 0x00007ffc1a690000 	c:\Users\Alex\.vscode\extensions\redhat.java-1.11.0-win32-x64\jre\17.0.4.1-win32-x86_64\bin\verify.dll

dbghelp: loaded successfully - version: 4.0.5 - missing functions: none
symbol engine: initialized successfully - sym options: 0x614 - pdb path: .;c:\Users\Alex\.vscode\extensions\redhat.java-1.11.0-win32-x64\jre\17.0.4.1-win32-x86_64\bin;C:\Windows\SYSTEM32;C:\Windows\WinSxS\amd64_microsoft.windows.common-controls_6595b64144ccf1df_6.0.19041.1110_none_60b5254171f9507e;c:\Users\Alex\.vscode\extensions\redhat.java-1.11.0-win32-x64\jre\17.0.4.1-win32-x86_64\bin\server

VM Arguments:
jvm_args: --add-modules=ALL-SYSTEM --add-opens=java.base/java.util=ALL-UNNAMED --add-opens=java.base/java.lang=ALL-UNNAMED --add-opens=java.base/sun.nio.fs=ALL-UNNAMED -Declipse.application=org.eclipse.jdt.ls.core.id1 -Dosgi.bundles.defaultStartLevel=4 -Declipse.product=org.eclipse.jdt.ls.core.product -Djava.import.generatesMetadataFilesAtProjectRoot=false -Dfile.encoding=utf8 -DwatchParentProcess=false -XX:+UseParallelGC -XX:GCTimeRatio=4 -XX:AdaptiveSizePolicyWeight=90 -Dsun.zip.disableMemoryMapping=true -Xmx1G -Xms100m -Xlog:disable -javaagent:c:\Users\Alex\.vscode\extensions\redhat.java-1.11.0-win32-x64\lombok\lombok-1.18.24.jar 
java_command: c:\Users\Alex\.vscode\extensions\redhat.java-1.11.0-win32-x64\server\plugins\org.eclipse.equinox.launcher_1.6.400.v20210924-0641.jar -configuration c:\Users\Alex\AppData\Roaming\Code\User\globalStorage\redhat.java\1.11.0\config_ss_win -data c:\Users\Alex\AppData\Roaming\Code\User\workspaceStorage\3b4a1bb62d924b5bd1142299cd15f1c9\redhat.java\ss_ws
java_class_path (initial): c:\Users\Alex\.vscode\extensions\redhat.java-1.11.0-win32-x64\server\plugins\org.eclipse.equinox.launcher_1.6.400.v20210924-0641.jar
Launcher Type: SUN_STANDARD

[Global flags]
    uintx AdaptiveSizePolicyWeight                 = 90                                        {product} {command line}
     intx CICompilerCount                          = 2                                         {product} {ergonomic}
    uintx GCTimeRatio                              = 4                                         {product} {command line}
   size_t InitialHeapSize                          = 104857600                                 {product} {command line}
   size_t MaxHeapSize                              = 1073741824                                {product} {command line}
   size_t MaxNewSize                               = 357564416                                 {product} {ergonomic}
   size_t MinHeapDeltaBytes                        = 524288                                    {product} {ergonomic}
   size_t MinHeapSize                              = 104857600                                 {product} {command line}
   size_t NewSize                                  = 34603008                                  {product} {ergonomic}
    uintx NonNMethodCodeHeapSize                   = 5826188                                {pd product} {ergonomic}
    uintx NonProfiledCodeHeapSize                  = 122916026                              {pd product} {ergonomic}
   size_t OldSize                                  = 70254592                                  {product} {ergonomic}
    uintx ProfiledCodeHeapSize                     = 122916026                              {pd product} {ergonomic}
    uintx ReservedCodeCacheSize                    = 251658240                              {pd product} {ergonomic}
     bool SegmentedCodeCache                       = true                                      {product} {ergonomic}
   size_t SoftMaxHeapSize                          = 1073741824                             {manageable} {ergonomic}
     bool UseCompressedClassPointers               = true                           {product lp64_product} {ergonomic}
     bool UseCompressedOops                        = true                           {product lp64_product} {ergonomic}
     bool UseLargePagesIndividualAllocation        = false                                  {pd product} {ergonomic}
     bool UseParallelGC                            = true                                      {product} {command line}

Logging:
Log output configuration:
 #0: stdout all=off uptime,level,tags
 #1: stderr all=off uptime,level,tags

Environment Variables:
PATH=C:\Program Files\Eclipse Adoptium\jdk-17.0.3.7-hotspot\bin;C:\Program Files\Microsoft\jdk-11.0.12.7-hotspot\bin;C:\Windows\system32;C:\Windows;C:\Windows\System32\Wbem;C:\Windows\System32\WindowsPowerShell\v1.0\;C:\Windows\System32\OpenSSH\;C:\Program Files\Microsoft SQL Server\150\Tools\Binn\;C:\Program Files\Microsoft SQL Server\Client SDK\ODBC\170\Tools\Binn\;C:\TDM-GCC-64\bin;C:\Program Files\Go\bin;C:\Program Files (x86)\Microsoft SQL Server\150\Tools\Binn\;C:\Program Files\Microsoft SQL Server\150\DTS\Binn\;C:\Program Files (x86)\Microsoft SQL Server\150\DTS\Binn\;C:\Program Files\Azure Data Studio\bin;C:\Program Files\dotnet\;C:\Program Files\nodejs\;C:\ProgramData\chocolatey\bin;C:\Program Files\Git\cmd;C:\Ruby31-x64\bin;C:\Users\Alex\AppData\Local\Microsoft\WindowsApps;C:\Users\Alex\.dotnet\tools;C:\Users\Alex\AppData\Local\Programs\Microsoft VS Code\bin;C:\Users\Alex\go\bin;C:\Program Files\Azure Data Studio\bin;C:\Users\Alex\AppData\Local\GitHubDesktop\bin;C:\Users\Alex\AppData\Roaming\npm;C:\Program Files\JetBrains\RubyMine 2022.2.3\bin;;C:\Program Files\JetBrains\GoLand 2022.2.3\bin;;C:\Program Files\JetBrains\PyCharm 2022.2.2\bin;;C:\Program Files\JetBrains\IntelliJ IDEA 2022.2.3\bin;
USERNAME=Alex
OS=Windows_NT
PROCESSOR_IDENTIFIER=Intel64 Family 6 Model 61 Stepping 4, GenuineIntel
TMP=C:\Users\Alex\AppData\Local\Temp
TEMP=C:\Users\Alex\AppData\Local\Temp



---------------  S Y S T E M  ---------------

OS:
 Windows 10 , 64 bit Build 19041 (10.0.19041.1889)
OS uptime: 0 days 12:08 hours
VMWare virtualization detected

CPU: total 2 (initial active 2) (1 cores per cpu, 1 threads per core) family 6 model 61 stepping 4 microcode 0x0, cx8, cmov, fxsr, mmx, 3dnowpref, sse, sse2, sse3, ssse3, sse4.1, sse4.2, popcnt, lzcnt, tsc, tscinvbit, avx, avx2, aes, erms, clmul, bmi1, bmi2, adx, fma, vzeroupper, clflush, hv

Memory: 4k page, system-wide physical 2499M (97M free)
TotalPageFile size 10179M (AvailPageFile size 169M)
current process WorkingSet (physical memory assigned to process): 42M, peak: 42M
current process commit charge ("private bytes"): 169M, peak: 169M

vm_info: OpenJDK 64-Bit Server VM (17.0.4.1+1) for windows-amd64 JRE (17.0.4.1+1), built on Aug 17 2022 07:42:43 by "temurin" with MS VC++ 16.7 (VS2019)

END.
