#
# There is insufficient memory for the Java Runtime Environment to continue.
# Native memory allocation (mmap) failed to map 65536 bytes for Failed to commit metaspace.
# Possible reasons:
#   The system is out of physical RAM or swap space
#   The process is running with CompressedOops enabled, and the Java Heap may be blocking the growth of the native heap
# Possible solutions:
#   Reduce memory load on the system
#   Increase physical memory or swap space
#   Check if swap backing store is full
#   Decrease Java heap size (-Xmx/-Xms)
#   Decrease number of Java threads
#   Decrease Java thread stack sizes (-Xss)
#   Set larger code cache with -XX:ReservedCodeCacheSize=
#   JVM is running with Unscaled Compressed Oops mode in which the Java heap is
#     placed in the first 4GB address space. The Java Heap base address is the
#     maximum limit for the native heap growth. Please use -XX:HeapBaseMinAddress
#     to set the Java Heap base and to place the Java Heap above 4GB virtual address.
# This output file may be truncated or incomplete.
#
#  Out of Memory Error (virtualSpaceNode.cpp:110), pid=14488, tid=13400
#
# JRE version: OpenJDK Runtime Environment Temurin-17.0.4.1+1 (17.0.4.1+1) (build 17.0.4.1+1)
# Java VM: OpenJDK 64-Bit Server VM Temurin-17.0.4.1+1 (17.0.4.1+1, mixed mode, tiered, compressed oops, compressed class ptrs, parallel gc, windows-amd64)
# No core dump will be written. Minidumps are not enabled by default on client versions of Windows
#

---------------  S U M M A R Y ------------

Command Line: --add-modules=ALL-SYSTEM --add-opens=java.base/java.util=ALL-UNNAMED --add-opens=java.base/java.lang=ALL-UNNAMED --add-opens=java.base/sun.nio.fs=ALL-UNNAMED -Declipse.application=org.eclipse.jdt.ls.core.id1 -Dosgi.bundles.defaultStartLevel=4 -Declipse.product=org.eclipse.jdt.ls.core.product -Djava.import.generatesMetadataFilesAtProjectRoot=false -Dfile.encoding=utf8 -DwatchParentProcess=false -XX:+UseParallelGC -XX:GCTimeRatio=4 -XX:AdaptiveSizePolicyWeight=90 -Dsun.zip.disableMemoryMapping=true -Xmx1G -Xms100m -Xlog:disable -javaagent:c:\Users\Alex\.vscode\extensions\redhat.java-1.11.0-win32-x64\lombok\lombok-1.18.24.jar -XX:+HeapDumpOnOutOfMemoryError -XX:HeapDumpPath=c:\Users\Alex\AppData\Roaming\Code\User\workspaceStorage\3b4a1bb62d924b5bd1142299cd15f1c9\redhat.java c:\Users\Alex\.vscode\extensions\redhat.java-1.11.0-win32-x64\server\plugins\org.eclipse.equinox.launcher_1.6.400.v20210924-0641.jar -configuration c:\Users\Alex\AppData\Roaming\Code\User\globalStorage\redhat.java\1.11.0\config_win -data c:\Users\Alex\AppData\Roaming\Code\User\workspaceStorage\3b4a1bb62d924b5bd1142299cd15f1c9\redhat.java\jdt_ws

Host: Intel(R) Core(TM) i5-5287U CPU @ 2.90GHz, 2 cores, 2G,  Windows 10 , 64 bit Build 19041 (10.0.19041.1889)
Time: Sat Oct 15 09:37:54 2022 E. Europe Summer Time elapsed time: 5.890683 seconds (0d 0h 0m 5s)

---------------  T H R E A D  ---------------

Current thread (0x0000022da72242b0):  JavaThread "main" [_thread_in_vm, id=13400, stack(0x000000eb08700000,0x000000eb08800000)]

Stack: [0x000000eb08700000,0x000000eb08800000]
Native frames: (J=compiled Java code, j=interpreted, Vv=VM code, C=native code)
V  [jvm.dll+0x67731a]
V  [jvm.dll+0x832284]
V  [jvm.dll+0x833a2e]
V  [jvm.dll+0x834093]
V  [jvm.dll+0x245775]
V  [jvm.dll+0x82e22b]
V  [jvm.dll+0x61bdf6]
V  [jvm.dll+0x61be5a]
V  [jvm.dll+0x61e67a]
V  [jvm.dll+0x61c796]
V  [jvm.dll+0x6265e7]
V  [jvm.dll+0x1ea5db]
V  [jvm.dll+0x1eab15]
V  [jvm.dll+0x1eb54f]
V  [jvm.dll+0x1e09f1]
V  [jvm.dll+0x53c910]
V  [jvm.dll+0x1f11e7]
V  [jvm.dll+0x7ac56b]
V  [jvm.dll+0x7ad912]
V  [jvm.dll+0x7adc48]
V  [jvm.dll+0x74f201]
V  [jvm.dll+0x6beb87]
V  [jvm.dll+0x6bfe1a]
V  [jvm.dll+0x40c4de]
V  [jvm.dll+0x4176ad]
C  0x0000022dab68d581

Java frames: (J=compiled Java code, j=interpreted, Vv=VM code)
j  java.lang.Class.getDeclaredConstructors0(Z)[Ljava/lang/reflect/Constructor;+0 java.base@17.0.4.1
j  java.lang.Class.privateGetDeclaredConstructors(Z)[Ljava/lang/reflect/Constructor;+52 java.base@17.0.4.1
j  java.lang.Class.getConstructor0([Ljava/lang/Class;I)Ljava/lang/reflect/Constructor;+14 java.base@17.0.4.1
j  java.lang.Class.getConstructor([Ljava/lang/Class;)Ljava/lang/reflect/Constructor;+24 java.base@17.0.4.1
j  sun.security.x509.CertificateExtensions.parseExtension(Lsun/security/x509/Extension;)V+59 java.base@17.0.4.1
j  sun.security.x509.CertificateExtensions.init(Lsun/security/util/DerInputStream;)V+29 java.base@17.0.4.1
j  sun.security.x509.CertificateExtensions.<init>(Lsun/security/util/DerInputStream;)V+25 java.base@17.0.4.1
j  sun.security.x509.X509CertInfo.parse(Lsun/security/util/DerValue;)V+335 java.base@17.0.4.1
j  sun.security.x509.X509CertInfo.<init>(Lsun/security/util/DerValue;)V+67 java.base@17.0.4.1
j  sun.security.x509.X509CertImpl.parse(Lsun/security/util/DerValue;)V+228 java.base@17.0.4.1
j  sun.security.x509.X509CertImpl.<init>([B)V+50 java.base@17.0.4.1
j  sun.security.provider.X509Factory.engineGenerateCertificate(Ljava/io/InputStream;)Ljava/security/cert/Certificate;+54 java.base@17.0.4.1
j  java.security.cert.CertificateFactory.generateCertificate(Ljava/io/InputStream;)Ljava/security/cert/Certificate;+5 java.base@17.0.4.1
j  sun.security.pkcs.PKCS7.parseSignedData(Lsun/security/util/DerValue;)V+264 java.base@17.0.4.1
j  sun.security.pkcs.PKCS7.parse(Lsun/security/util/DerInputStream;Z)V+40 java.base@17.0.4.1
j  sun.security.pkcs.PKCS7.parse(Lsun/security/util/DerInputStream;)V+11 java.base@17.0.4.1
j  sun.security.pkcs.PKCS7.<init>([B)V+50 java.base@17.0.4.1
j  sun.security.util.SignatureFileVerifier.<init>(Ljava/util/ArrayList;Lsun/security/util/ManifestDigester;Ljava/lang/String;[B)V+40 java.base@17.0.4.1
j  java.util.jar.JarVerifier.processEntry(Lsun/security/util/ManifestEntryVerifier;)V+322 java.base@17.0.4.1
j  java.util.jar.JarVerifier.update(I[BIILsun/security/util/ManifestEntryVerifier;)V+39 java.base@17.0.4.1
j  java.util.jar.JarFile.initializeVerifier()V+163 java.base@17.0.4.1
j  java.util.jar.JarFile.ensureInitialization()V+41 java.base@17.0.4.1
j  java.util.jar.JavaUtilJarAccessImpl.ensureInitialization(Ljava/util/jar/JarFile;)V+1 java.base@17.0.4.1
j  jdk.internal.loader.URLClassPath$JarLoader$2.getManifest()Ljava/util/jar/Manifest;+10 java.base@17.0.4.1
j  jdk.internal.loader.BuiltinClassLoader.defineClass(Ljava/lang/String;Ljdk/internal/loader/Resource;)Ljava/lang/Class;+29 java.base@17.0.4.1
j  jdk.internal.loader.BuiltinClassLoader.findClassOnClassPathOrNull(Ljava/lang/String;)Ljava/lang/Class;+37 java.base@17.0.4.1
j  jdk.internal.loader.BuiltinClassLoader.loadClassOrNull(Ljava/lang/String;Z)Ljava/lang/Class;+111 java.base@17.0.4.1
j  jdk.internal.loader.BuiltinClassLoader.loadClass(Ljava/lang/String;Z)Ljava/lang/Class;+3 java.base@17.0.4.1
j  jdk.internal.loader.ClassLoaders$AppClassLoader.loadClass(Ljava/lang/String;Z)Ljava/lang/Class;+36 java.base@17.0.4.1
j  java.lang.ClassLoader.loadClass(Ljava/lang/String;)Ljava/lang/Class;+3 java.base@17.0.4.1
v  ~StubRoutines::call_stub
j  java.lang.Class.forName0(Ljava/lang/String;ZLjava/lang/ClassLoader;Ljava/lang/Class;)Ljava/lang/Class;+0 java.base@17.0.4.1
j  java.lang.Class.forName(Ljava/lang/String;ZLjava/lang/ClassLoader;)Ljava/lang/Class;+43 java.base@17.0.4.1
j  sun.launcher.LauncherHelper.loadMainClass(ILjava/lang/String;)Ljava/lang/Class;+95 java.base@17.0.4.1
j  sun.launcher.LauncherHelper.checkAndLoadMain(ZILjava/lang/String;)Ljava/lang/Class;+42 java.base@17.0.4.1
v  ~StubRoutines::call_stub

---------------  P R O C E S S  ---------------

Threads class SMR info:
_java_thread_list=0x0000022dbe5443f0, length=12, elements={
0x0000022da72242b0, 0x0000022dbcf35750, 0x0000022dbcf36210, 0x0000022dbcf5c140,
0x0000022dbcf5cc00, 0x0000022dbcf5f4d0, 0x0000022dbcf60da0, 0x0000022dbcf61990,
0x0000022dbcfbf5f0, 0x0000022dbcfca2a0, 0x0000022dbcfee970, 0x0000022dbe529c80
}

Java Threads: ( => current thread )
=>0x0000022da72242b0 JavaThread "main" [_thread_in_vm, id=13400, stack(0x000000eb08700000,0x000000eb08800000)]
  0x0000022dbcf35750 JavaThread "Reference Handler" daemon [_thread_blocked, id=9380, stack(0x000000eb08b00000,0x000000eb08c00000)]
  0x0000022dbcf36210 JavaThread "Finalizer" daemon [_thread_blocked, id=7812, stack(0x000000eb08c00000,0x000000eb08d00000)]
  0x0000022dbcf5c140 JavaThread "Signal Dispatcher" daemon [_thread_blocked, id=13352, stack(0x000000eb08d00000,0x000000eb08e00000)]
  0x0000022dbcf5cc00 JavaThread "Attach Listener" daemon [_thread_blocked, id=14224, stack(0x000000eb08e00000,0x000000eb08f00000)]
  0x0000022dbcf5f4d0 JavaThread "Service Thread" daemon [_thread_blocked, id=12568, stack(0x000000eb08f00000,0x000000eb09000000)]
  0x0000022dbcf60da0 JavaThread "Monitor Deflation Thread" daemon [_thread_blocked, id=8844, stack(0x000000eb09000000,0x000000eb09100000)]
  0x0000022dbcf61990 JavaThread "C2 CompilerThread0" daemon [_thread_blocked, id=14100, stack(0x000000eb09100000,0x000000eb09200000)]
  0x0000022dbcfbf5f0 JavaThread "C1 CompilerThread0" daemon [_thread_blocked, id=12236, stack(0x000000eb09200000,0x000000eb09300000)]
  0x0000022dbcfca2a0 JavaThread "Sweeper thread" daemon [_thread_blocked, id=13248, stack(0x000000eb09300000,0x000000eb09400000)]
  0x0000022dbcfee970 JavaThread "Common-Cleaner" daemon [_thread_blocked, id=12776, stack(0x000000eb09400000,0x000000eb09500000)]
  0x0000022dbe529c80 JavaThread "Notification Thread" daemon [_thread_blocked, id=15036, stack(0x000000eb09500000,0x000000eb09600000)]

Other Threads:
  0x0000022dbce7b390 VMThread "VM Thread" [stack: 0x000000eb08a00000,0x000000eb08b00000] [id=14984]
  0x0000022dbe51ca60 WatcherThread [stack: 0x000000eb09600000,0x000000eb09700000] [id=5944]
  0x0000022da7239ae0 GCTaskThread "GC Thread#0" [stack: 0x000000eb08900000,0x000000eb08a00000] [id=13984]

Threads with active compile tasks:

VM state: not at safepoint (normal execution)

VM Mutex/Monitor currently owned by a thread:  ([mutex/lock_event])
[0x0000022da721fc60] Metaspace_lock - owner thread: 0x0000022da72242b0

Heap address: 0x00000000c0000000, size: 1024 MB, Compressed Oops mode: 32-bit

CDS archive(s) not mapped
Compressed class space mapped at: 0x0000000100000000-0x0000000140000000, reserved size: 1073741824
Narrow klass base: 0x0000000000000000, Narrow klass shift: 3, Narrow klass range: 0x140000000

GC Precious Log:
 CPUs: 2 total, 2 available
 Memory: 2499M
 Large Page Support: Disabled
 NUMA Support: Disabled
 Compressed Oops: Enabled (32-bit)
 Alignments: Space 512K, Generation 512K, Heap 2M
 Heap Min Capacity: 100M
 Heap Initial Capacity: 100M
 Heap Max Capacity: 1G
 Pre-touch: Disabled
 Parallel Workers: 2

Heap:
 PSYoungGen      total 29696K, used 9309K [0x00000000eab00000, 0x00000000ecc00000, 0x0000000100000000)
  eden space 25600K, 36% used [0x00000000eab00000,0x00000000eb417670,0x00000000ec400000)
  from space 4096K, 0% used [0x00000000ec800000,0x00000000ec800000,0x00000000ecc00000)
  to   space 4096K, 0% used [0x00000000ec400000,0x00000000ec400000,0x00000000ec800000)
 ParOldGen       total 68608K, used 0K [0x00000000c0000000, 0x00000000c4300000, 0x00000000eab00000)
  object space 68608K, 0% used [0x00000000c0000000,0x00000000c0000000,0x00000000c4300000)
 Metaspace       used 7438K, committed 7488K, reserved 1056768K
  class space    used 726K, committed 768K, reserved 1048576K

Card table byte_map: [0x0000022dba860000,0x0000022dbaa70000] _byte_map_base: 0x0000022dba260000

Marking Bits: (ParMarkBitMap*) 0x00007ffbceef2cc0
 Begin Bits: [0x0000022dbabd0000, 0x0000022dbbbd0000)
 End Bits:   [0x0000022dbbbd0000, 0x0000022dbcbd0000)

Polling page: 0x0000022da70d0000

Metaspace:

Usage:
  Non-class:      6.55 MB used.
      Class:    726.77 KB used.
       Both:      7.26 MB used.

Virtual space:
  Non-class space:        8.00 MB reserved,       6.56 MB ( 82%) committed,  1 nodes.
      Class space:        1.00 GB reserved,     768.00 KB ( <1%) committed,  1 nodes.
             Both:        1.01 GB reserved,       7.31 MB ( <1%) committed. 

Chunk freelists:
   Non-Class:  1.00 MB
       Class:  3.22 MB
        Both:  4.22 MB

MaxMetaspaceSize: unlimited
CompressedClassSpaceSize: 1.00 GB
Initial GC threshold: 21.00 MB
Current GC threshold: 21.00 MB
CDS: off
MetaspaceReclaimPolicy: balanced
 - commit_granule_bytes: 65536.
 - commit_granule_words: 8192.
 - virtual_space_node_default_size: 1048576.
 - enlarge_chunks_in_place: 1.
 - new_chunks_are_fully_committed: 0.
 - uncommit_free_chunks: 1.
 - use_allocation_guard: 0.
 - handle_deallocations: 1.


Internal statistics:

num_allocs_failed_limit: 0.
num_arena_births: 10.
num_arena_deaths: 0.
num_vsnodes_births: 2.
num_vsnodes_deaths: 0.
num_space_committed: 117.
num_space_uncommitted: 0.
num_chunks_returned_to_freelist: 0.
num_chunks_taken_from_freelist: 37.
num_chunk_merges: 0.
num_chunk_splits: 20.
num_chunks_enlarged: 16.
num_purges: 0.
num_inconsistent_stats: 0.

CodeHeap 'non-profiled nmethods': size=120064Kb used=150Kb max_used=150Kb free=119913Kb
 bounds [0x0000022db3140000, 0x0000022db33b0000, 0x0000022dba680000]
CodeHeap 'profiled nmethods': size=120000Kb used=626Kb max_used=626Kb free=119373Kb
 bounds [0x0000022dabc10000, 0x0000022dabe80000, 0x0000022db3140000]
CodeHeap 'non-nmethods': size=5696Kb used=1119Kb max_used=1134Kb free=4576Kb
 bounds [0x0000022dab680000, 0x0000022dab8f0000, 0x0000022dabc10000]
 total_blobs=855 nmethods=450 adapters=320
 compilation: enabled
              stopped_count=0, restarted_count=0
 full_count=0

Compilation events (20 events):
Event: 5.754 Thread 0x0000022dbcf61990 nmethod 439 0x0000022db3162010 code [0x0000022db31621c0, 0x0000022db3162788]
Event: 5.754 Thread 0x0000022dbcf61990  440       4       java.lang.AbstractStringBuilder::append (45 bytes)
Event: 5.765 Thread 0x0000022dbcf61990 nmethod 440 0x0000022db3162b90 code [0x0000022db3162d40, 0x0000022db3163328]
Event: 5.765 Thread 0x0000022dbcf61990  443       4       java.util.ArrayList$Itr::next (66 bytes)
Event: 5.765 Thread 0x0000022dbcfbf5f0  444       3       sun.security.util.ObjectIdentifier::checkOtherComponent (41 bytes)
Event: 5.766 Thread 0x0000022dbcfbf5f0 nmethod 444 0x0000022dabcaa510 code [0x0000022dabcaa740, 0x0000022dabcaae28]
Event: 5.766 Thread 0x0000022dbcfbf5f0  445       3       sun.security.util.ObjectIdentifier::pack7Oid (84 bytes)
Event: 5.766 Thread 0x0000022dbcfbf5f0 nmethod 445 0x0000022dabcab110 code [0x0000022dabcab2e0, 0x0000022dabcab638]
Event: 5.767 Thread 0x0000022dbcf61990 nmethod 443 0x0000022db3163710 code [0x0000022db31638a0, 0x0000022db31639d8]
Event: 5.770 Thread 0x0000022dbcf61990  446   !   4       java.lang.String::replace (258 bytes)
Event: 5.817 Thread 0x0000022dbcf61990 nmethod 446 0x0000022db3163b10 code [0x0000022db3163d00, 0x0000022db31644a8]
Event: 5.817 Thread 0x0000022dbcf61990  448       4       jdk.internal.misc.Unsafe::allocateUninitializedArray (55 bytes)
Event: 5.819 Thread 0x0000022dbcf61990 nmethod 448 0x0000022db3164b90 code [0x0000022db3164d20, 0x0000022db3164eb8]
Event: 5.819 Thread 0x0000022dbcf61990  447       4       jdk.internal.misc.Unsafe::allocateUninitializedArray0 (90 bytes)
Event: 5.821 Thread 0x0000022dbcf61990 nmethod 447 0x0000022db3165010 code [0x0000022db31651a0, 0x0000022db3165358]
Event: 5.823 Thread 0x0000022dbcfbf5f0  449       3       java.lang.invoke.MethodType$ConcurrentWeakInternSet::get (47 bytes)
Event: 5.824 Thread 0x0000022dbcfbf5f0 nmethod 449 0x0000022dabcab810 code [0x0000022dabcaba40, 0x0000022dabcac338]
Event: 5.825 Thread 0x0000022dbcfbf5f0  450       3       sun.security.util.DerInputStream::<init> (38 bytes)
Event: 5.825 Thread 0x0000022dbcfbf5f0 nmethod 450 0x0000022dabcac710 code [0x0000022dabcac8a0, 0x0000022dabcaca38]
Event: 5.829 Thread 0x0000022dbcf61990  451       4       java.util.Collections$UnmodifiableCollection$1::next (10 bytes)

GC Heap History (0 events):
No events

Deoptimization events (20 events):
Event: 5.202 Thread 0x0000022da72242b0 DEOPT PACKING pc=0x0000022db314f574 sp=0x000000eb087feb20
Event: 5.202 Thread 0x0000022da72242b0 DEOPT UNPACKING pc=0x0000022dab6d20a3 sp=0x000000eb087fea60 mode 2
Event: 5.231 Thread 0x0000022da72242b0 DEOPT PACKING pc=0x0000022dabc56356 sp=0x000000eb087feb20
Event: 5.231 Thread 0x0000022da72242b0 DEOPT UNPACKING pc=0x0000022dab6d2843 sp=0x000000eb087fdfc0 mode 0
Event: 5.746 Thread 0x0000022da72242b0 Uncommon trap: trap_request=0xffffffde fr.pc=0x0000022db3161524 relative=0x0000000000000104
Event: 5.746 Thread 0x0000022da72242b0 Uncommon trap: reason=class_check action=maybe_recompile pc=0x0000022db3161524 method=jdk.internal.misc.Unsafe.allocateUninitializedArray(Ljava/lang/Class;I)Ljava/lang/Object; @ 51 c2
Event: 5.746 Thread 0x0000022da72242b0 DEOPT PACKING pc=0x0000022db3161524 sp=0x000000eb087fb960
Event: 5.746 Thread 0x0000022da72242b0 DEOPT UNPACKING pc=0x0000022dab6d20a3 sp=0x000000eb087fb8e8 mode 2
Event: 5.747 Thread 0x0000022da72242b0 Uncommon trap: trap_request=0xffffffde fr.pc=0x0000022db3161524 relative=0x0000000000000104
Event: 5.747 Thread 0x0000022da72242b0 Uncommon trap: reason=class_check action=maybe_recompile pc=0x0000022db3161524 method=jdk.internal.misc.Unsafe.allocateUninitializedArray(Ljava/lang/Class;I)Ljava/lang/Object; @ 51 c2
Event: 5.747 Thread 0x0000022da72242b0 DEOPT PACKING pc=0x0000022db3161524 sp=0x000000eb087fb960
Event: 5.747 Thread 0x0000022da72242b0 DEOPT UNPACKING pc=0x0000022dab6d20a3 sp=0x000000eb087fb8e8 mode 2
Event: 5.747 Thread 0x0000022da72242b0 Uncommon trap: trap_request=0xffffffde fr.pc=0x0000022db3161524 relative=0x0000000000000104
Event: 5.747 Thread 0x0000022da72242b0 Uncommon trap: reason=class_check action=maybe_recompile pc=0x0000022db3161524 method=jdk.internal.misc.Unsafe.allocateUninitializedArray(Ljava/lang/Class;I)Ljava/lang/Object; @ 51 c2
Event: 5.747 Thread 0x0000022da72242b0 DEOPT PACKING pc=0x0000022db3161524 sp=0x000000eb087fb960
Event: 5.747 Thread 0x0000022da72242b0 DEOPT UNPACKING pc=0x0000022dab6d20a3 sp=0x000000eb087fb8e8 mode 2
Event: 5.747 Thread 0x0000022da72242b0 Uncommon trap: trap_request=0xffffffde fr.pc=0x0000022db3161524 relative=0x0000000000000104
Event: 5.747 Thread 0x0000022da72242b0 Uncommon trap: reason=class_check action=maybe_recompile pc=0x0000022db3161524 method=jdk.internal.misc.Unsafe.allocateUninitializedArray(Ljava/lang/Class;I)Ljava/lang/Object; @ 51 c2
Event: 5.747 Thread 0x0000022da72242b0 DEOPT PACKING pc=0x0000022db3161524 sp=0x000000eb087fb9a0
Event: 5.747 Thread 0x0000022da72242b0 DEOPT UNPACKING pc=0x0000022dab6d20a3 sp=0x000000eb087fb928 mode 2

Classes unloaded (0 events):
No events

Classes redefined (0 events):
No events

Internal exceptions (2 events):
Event: 1.851 Thread 0x0000022da72242b0 Exception <a 'java/lang/NoSuchMethodError'{0x00000000eacb22a0}: 'void java.lang.invoke.DirectMethodHandle$Holder.invokeStatic(java.lang.Object, java.lang.Object, java.lang.Object)'> (0x00000000eacb22a0) 
thrown [s\src\hotspot\share\interpreter\linkResolver.cpp, line 759]
Event: 4.113 Thread 0x0000022da72242b0 Exception <a 'java/lang/reflect/InvocationTargetException'{0x00000000eaf77ff0}> (0x00000000eaf77ff0) 
thrown [s\src\hotspot\share\runtime\reflection.cpp, line 1121]

VM Operations (12 events):
Event: 1.624 Executing VM operation: Cleanup
Event: 1.656 Executing VM operation: Cleanup done
Event: 1.861 Executing VM operation: HandshakeAllThreads
Event: 1.861 Executing VM operation: HandshakeAllThreads done
Event: 2.867 Executing VM operation: Cleanup
Event: 2.869 Executing VM operation: Cleanup done
Event: 3.375 Executing VM operation: HandshakeAllThreads
Event: 3.378 Executing VM operation: HandshakeAllThreads done
Event: 4.385 Executing VM operation: Cleanup
Event: 4.385 Executing VM operation: Cleanup done
Event: 5.395 Executing VM operation: Cleanup
Event: 5.414 Executing VM operation: Cleanup done

Events (20 events):
Event: 5.774 loading class java/lang/ClassValue$Identity done
Event: 5.774 loading class java/lang/ClassValue$Version
Event: 5.775 loading class java/lang/ClassValue$Version done
Event: 5.776 loading class java/lang/invoke/VarHandleReferences$FieldStaticReadWrite
Event: 5.778 loading class java/lang/invoke/VarHandleReferences$FieldStaticReadOnly
Event: 5.782 loading class java/lang/invoke/VarHandleReferences$FieldStaticReadOnly done
Event: 5.782 loading class java/lang/invoke/VarHandleReferences$FieldStaticReadWrite done
Event: 5.785 loading class java/lang/invoke/VarHandle$1
Event: 5.816 loading class java/lang/invoke/VarHandle$1 done
Event: 5.817 loading class jdk/internal/util/Preconditions$1
Event: 5.817 loading class jdk/internal/util/Preconditions$1 done
Event: 5.817 loading class java/lang/invoke/VarHandleGuards
Event: 5.822 loading class java/lang/invoke/VarHandleGuards done
Event: 5.822 loading class java/lang/invoke/VarForm
Event: 5.823 loading class java/lang/invoke/VarForm done
Event: 5.823 loading class java/lang/System$Logger$Level
Event: 5.823 loading class java/lang/System$Logger$Level done
Event: 5.828 loading class sun/security/x509/ExtendedKeyUsageExtension
Event: 5.831 loading class sun/security/x509/ExtendedKeyUsageExtension done
Event: 5.831 loading class java/util/Vector


Dynamic libraries:
0x00007ff718360000 - 0x00007ff71836e000 	c:\Users\Alex\.vscode\extensions\redhat.java-1.11.0-win32-x64\jre\17.0.4.1-win32-x86_64\bin\java.exe
0x00007ffc4b1f0000 - 0x00007ffc4b3e8000 	C:\Windows\SYSTEM32\ntdll.dll
0x00007ffc49f90000 - 0x00007ffc4a04d000 	C:\Windows\System32\KERNEL32.DLL
0x00007ffc48f70000 - 0x00007ffc49242000 	C:\Windows\System32\KERNELBASE.dll
0x00007ffc48cd0000 - 0x00007ffc48dd0000 	C:\Windows\System32\ucrtbase.dll
0x00007ffc20470000 - 0x00007ffc20488000 	c:\Users\Alex\.vscode\extensions\redhat.java-1.11.0-win32-x64\jre\17.0.4.1-win32-x86_64\bin\jli.dll
0x00007ffc49d30000 - 0x00007ffc49ecd000 	C:\Windows\System32\USER32.dll
0x00007ffc48a10000 - 0x00007ffc48a32000 	C:\Windows\System32\win32u.dll
0x00007ffc4ad60000 - 0x00007ffc4ad8b000 	C:\Windows\System32\GDI32.dll
0x00007ffc48900000 - 0x00007ffc48a0f000 	C:\Windows\System32\gdi32full.dll
0x00007ffc48a40000 - 0x00007ffc48add000 	C:\Windows\System32\msvcp_win.dll
0x00007ffc1ce30000 - 0x00007ffc1ce49000 	c:\Users\Alex\.vscode\extensions\redhat.java-1.11.0-win32-x64\jre\17.0.4.1-win32-x86_64\bin\VCRUNTIME140.dll
0x00007ffc221f0000 - 0x00007ffc2248a000 	C:\Windows\WinSxS\amd64_microsoft.windows.common-controls_6595b64144ccf1df_6.0.19041.1110_none_60b5254171f9507e\COMCTL32.dll
0x00007ffc4a050000 - 0x00007ffc4a0ee000 	C:\Windows\System32\msvcrt.dll
0x00007ffc49c50000 - 0x00007ffc49c80000 	C:\Windows\System32\IMM32.DLL
0x00007ffc390b0000 - 0x00007ffc390bc000 	c:\Users\Alex\.vscode\extensions\redhat.java-1.11.0-win32-x64\jre\17.0.4.1-win32-x86_64\bin\vcruntime140_1.dll
0x00007ffc04ee0000 - 0x00007ffc04f71000 	c:\Users\Alex\.vscode\extensions\redhat.java-1.11.0-win32-x64\jre\17.0.4.1-win32-x86_64\bin\msvcp140.dll
0x00007ffbce370000 - 0x00007ffbcefb6000 	c:\Users\Alex\.vscode\extensions\redhat.java-1.11.0-win32-x64\jre\17.0.4.1-win32-x86_64\bin\server\jvm.dll
0x00007ffc49940000 - 0x00007ffc499ee000 	C:\Windows\System32\ADVAPI32.dll
0x00007ffc49c90000 - 0x00007ffc49d2c000 	C:\Windows\System32\sechost.dll
0x00007ffc4a8d0000 - 0x00007ffc4a9f5000 	C:\Windows\System32\RPCRT4.dll
0x00007ffc49c80000 - 0x00007ffc49c88000 	C:\Windows\System32\PSAPI.DLL
0x00007ffc34960000 - 0x00007ffc34969000 	C:\Windows\SYSTEM32\WSOCK32.dll
0x00007ffc4b140000 - 0x00007ffc4b1ab000 	C:\Windows\System32\WS2_32.dll
0x00007ffc40cb0000 - 0x00007ffc40cd7000 	C:\Windows\SYSTEM32\WINMM.dll
0x00007ffc40ce0000 - 0x00007ffc40cea000 	C:\Windows\SYSTEM32\VERSION.dll
0x00007ffc467c0000 - 0x00007ffc467d2000 	C:\Windows\SYSTEM32\kernel.appcore.dll
0x00007ffc1d200000 - 0x00007ffc1d20a000 	c:\Users\Alex\.vscode\extensions\redhat.java-1.11.0-win32-x64\jre\17.0.4.1-win32-x86_64\bin\jimage.dll
0x00007ffc38c20000 - 0x00007ffc38e04000 	C:\Windows\SYSTEM32\DBGHELP.DLL
0x00007ffc38900000 - 0x00007ffc3892c000 	C:\Windows\SYSTEM32\dbgcore.DLL
0x00007ffc48ae0000 - 0x00007ffc48b62000 	C:\Windows\System32\bcryptPrimitives.dll
0x00007ffc1c7a0000 - 0x00007ffc1c7ae000 	c:\Users\Alex\.vscode\extensions\redhat.java-1.11.0-win32-x64\jre\17.0.4.1-win32-x86_64\bin\instrument.dll
0x00007ffc10e50000 - 0x00007ffc10e75000 	c:\Users\Alex\.vscode\extensions\redhat.java-1.11.0-win32-x64\jre\17.0.4.1-win32-x86_64\bin\java.dll
0x00007ffc1c470000 - 0x00007ffc1c488000 	c:\Users\Alex\.vscode\extensions\redhat.java-1.11.0-win32-x64\jre\17.0.4.1-win32-x86_64\bin\zip.dll
0x00007ffc4a0f0000 - 0x00007ffc4a833000 	C:\Windows\System32\SHELL32.dll
0x00007ffc469c0000 - 0x00007ffc47151000 	C:\Windows\SYSTEM32\windows.storage.dll
0x00007ffc4aa00000 - 0x00007ffc4ad54000 	C:\Windows\System32\combase.dll
0x00007ffc48280000 - 0x00007ffc482b0000 	C:\Windows\SYSTEM32\Wldp.dll
0x00007ffc4b010000 - 0x00007ffc4b0bd000 	C:\Windows\System32\SHCORE.dll
0x00007ffc49f30000 - 0x00007ffc49f85000 	C:\Windows\System32\shlwapi.dll
0x00007ffc48840000 - 0x00007ffc4885f000 	C:\Windows\SYSTEM32\profapi.dll
0x00007ffc17290000 - 0x00007ffc172a9000 	C:\Users\Alex\.vscode\extensions\redhat.java-1.11.0-win32-x64\jre\17.0.4.1-win32-x86_64\bin\net.dll
0x00007ffc40450000 - 0x00007ffc4055d000 	C:\Windows\SYSTEM32\WINHTTP.dll
0x00007ffc47fe0000 - 0x00007ffc4804a000 	C:\Windows\system32\mswsock.dll
0x00007ffc10a70000 - 0x00007ffc10a85000 	C:\Users\Alex\.vscode\extensions\redhat.java-1.11.0-win32-x64\jre\17.0.4.1-win32-x86_64\bin\nio.dll
0x00007ffc1a680000 - 0x00007ffc1a690000 	c:\Users\Alex\.vscode\extensions\redhat.java-1.11.0-win32-x64\jre\17.0.4.1-win32-x86_64\bin\verify.dll

dbghelp: loaded successfully - version: 4.0.5 - missing functions: none
symbol engine: initialized successfully - sym options: 0x614 - pdb path: .;c:\Users\Alex\.vscode\extensions\redhat.java-1.11.0-win32-x64\jre\17.0.4.1-win32-x86_64\bin;C:\Windows\SYSTEM32;C:\Windows\WinSxS\amd64_microsoft.windows.common-controls_6595b64144ccf1df_6.0.19041.1110_none_60b5254171f9507e;c:\Users\Alex\.vscode\extensions\redhat.java-1.11.0-win32-x64\jre\17.0.4.1-win32-x86_64\bin\server

VM Arguments:
jvm_args: --add-modules=ALL-SYSTEM --add-opens=java.base/java.util=ALL-UNNAMED --add-opens=java.base/java.lang=ALL-UNNAMED --add-opens=java.base/sun.nio.fs=ALL-UNNAMED -Declipse.application=org.eclipse.jdt.ls.core.id1 -Dosgi.bundles.defaultStartLevel=4 -Declipse.product=org.eclipse.jdt.ls.core.product -Djava.import.generatesMetadataFilesAtProjectRoot=false -Dfile.encoding=utf8 -DwatchParentProcess=false -XX:+UseParallelGC -XX:GCTimeRatio=4 -XX:AdaptiveSizePolicyWeight=90 -Dsun.zip.disableMemoryMapping=true -Xmx1G -Xms100m -Xlog:disable -javaagent:c:\Users\Alex\.vscode\extensions\redhat.java-1.11.0-win32-x64\lombok\lombok-1.18.24.jar -XX:+HeapDumpOnOutOfMemoryError -XX:HeapDumpPath=c:\Users\Alex\AppData\Roaming\Code\User\workspaceStorage\3b4a1bb62d924b5bd1142299cd15f1c9\redhat.java 
java_command: c:\Users\Alex\.vscode\extensions\redhat.java-1.11.0-win32-x64\server\plugins\org.eclipse.equinox.launcher_1.6.400.v20210924-0641.jar -configuration c:\Users\Alex\AppData\Roaming\Code\User\globalStorage\redhat.java\1.11.0\config_win -data c:\Users\Alex\AppData\Roaming\Code\User\workspaceStorage\3b4a1bb62d924b5bd1142299cd15f1c9\redhat.java\jdt_ws
java_class_path (initial): c:\Users\Alex\.vscode\extensions\redhat.java-1.11.0-win32-x64\server\plugins\org.eclipse.equinox.launcher_1.6.400.v20210924-0641.jar
Launcher Type: SUN_STANDARD

[Global flags]
    uintx AdaptiveSizePolicyWeight                 = 90                                        {product} {command line}
     intx CICompilerCount                          = 2                                         {product} {ergonomic}
    uintx GCTimeRatio                              = 4                                         {product} {command line}
     bool HeapDumpOnOutOfMemoryError               = true                                   {manageable} {command line}
    ccstr HeapDumpPath                             = c:\Users\Alex\AppData\Roaming\Code\User\workspaceStorage\3b4a1bb62d924b5bd1142299cd15f1c9\redhat.java         {manageable} {command line}
   size_t InitialHeapSize                          = 104857600                                 {product} {command line}
   size_t MaxHeapSize                              = 1073741824                                {product} {command line}
   size_t MaxNewSize                               = 357564416                                 {product} {ergonomic}
   size_t MinHeapDeltaBytes                        = 524288                                    {product} {ergonomic}
   size_t MinHeapSize                              = 104857600                                 {product} {command line}
   size_t NewSize                                  = 34603008                                  {product} {ergonomic}
    uintx NonNMethodCodeHeapSize                   = 5826188                                {pd product} {ergonomic}
    uintx NonProfiledCodeHeapSize                  = 122916026                              {pd product} {ergonomic}
   size_t OldSize                                  = 70254592                                  {product} {ergonomic}
    uintx ProfiledCodeHeapSize                     = 122916026                              {pd product} {ergonomic}
    uintx ReservedCodeCacheSize                    = 251658240                              {pd product} {ergonomic}
     bool SegmentedCodeCache                       = true                                      {product} {ergonomic}
   size_t SoftMaxHeapSize                          = 1073741824                             {manageable} {ergonomic}
     bool UseCompressedClassPointers               = true                           {product lp64_product} {ergonomic}
     bool UseCompressedOops                        = true                           {product lp64_product} {ergonomic}
     bool UseLargePagesIndividualAllocation        = false                                  {pd product} {ergonomic}
     bool UseParallelGC                            = true                                      {product} {command line}

Logging:
Log output configuration:
 #0: stdout all=off uptime,level,tags
 #1: stderr all=off uptime,level,tags

Environment Variables:
PATH=C:\Program Files\Eclipse Adoptium\jdk-17.0.3.7-hotspot\bin;C:\Program Files\Microsoft\jdk-11.0.12.7-hotspot\bin;C:\Windows\system32;C:\Windows;C:\Windows\System32\Wbem;C:\Windows\System32\WindowsPowerShell\v1.0\;C:\Windows\System32\OpenSSH\;C:\Program Files\Microsoft SQL Server\150\Tools\Binn\;C:\Program Files\Microsoft SQL Server\Client SDK\ODBC\170\Tools\Binn\;C:\TDM-GCC-64\bin;C:\Program Files\Go\bin;C:\Program Files (x86)\Microsoft SQL Server\150\Tools\Binn\;C:\Program Files\Microsoft SQL Server\150\DTS\Binn\;C:\Program Files (x86)\Microsoft SQL Server\150\DTS\Binn\;C:\Program Files\Azure Data Studio\bin;C:\Program Files\dotnet\;C:\Program Files\nodejs\;C:\ProgramData\chocolatey\bin;C:\Program Files\Git\cmd;C:\Ruby31-x64\bin;C:\Users\Alex\AppData\Local\Microsoft\WindowsApps;C:\Users\Alex\.dotnet\tools;C:\Users\Alex\AppData\Local\Programs\Microsoft VS Code\bin;C:\Users\Alex\go\bin;C:\Program Files\Azure Data Studio\bin;C:\Users\Alex\AppData\Local\GitHubDesktop\bin;C:\Users\Alex\AppData\Roaming\npm;C:\Program Files\JetBrains\RubyMine 2022.2.3\bin;;C:\Program Files\JetBrains\GoLand 2022.2.3\bin;;C:\Program Files\JetBrains\PyCharm 2022.2.2\bin;;C:\Program Files\JetBrains\IntelliJ IDEA 2022.2.3\bin;
USERNAME=Alex
OS=Windows_NT
PROCESSOR_IDENTIFIER=Intel64 Family 6 Model 61 Stepping 4, GenuineIntel
TMP=C:\Users\Alex\AppData\Local\Temp
TEMP=C:\Users\Alex\AppData\Local\Temp



---------------  S Y S T E M  ---------------

OS:
 Windows 10 , 64 bit Build 19041 (10.0.19041.1889)
OS uptime: 0 days 12:08 hours
VMWare virtualization detected

CPU: total 2 (initial active 2) (1 cores per cpu, 1 threads per core) family 6 model 61 stepping 4 microcode 0x0, cx8, cmov, fxsr, mmx, 3dnowpref, sse, sse2, sse3, ssse3, sse4.1, sse4.2, popcnt, lzcnt, tsc, tscinvbit, avx, avx2, aes, erms, clmul, bmi1, bmi2, adx, fma, vzeroupper, clflush, hv

Memory: 4k page, system-wide physical 2499M (107M free)
TotalPageFile size 10179M (AvailPageFile size 167M)
current process WorkingSet (physical memory assigned to process): 43M, peak: 43M
current process commit charge ("private bytes"): 169M, peak: 170M

vm_info: OpenJDK 64-Bit Server VM (17.0.4.1+1) for windows-amd64 JRE (17.0.4.1+1), built on Aug 17 2022 07:42:43 by "temurin" with MS VC++ 16.7 (VS2019)

END.
