#
# There is insufficient memory for the Java Runtime Environment to continue.
# Native memory allocation (mmap) failed to map 65536 bytes for Failed to commit metaspace.
# Possible reasons:
#   The system is out of physical RAM or swap space
#   The process is running with CompressedOops enabled, and the Java Heap may be blocking the growth of the native heap
# Possible solutions:
#   Reduce memory load on the system
#   Increase physical memory or swap space
#   Check if swap backing store is full
#   Decrease Java heap size (-Xmx/-Xms)
#   Decrease number of Java threads
#   Decrease Java thread stack sizes (-Xss)
#   Set larger code cache with -XX:ReservedCodeCacheSize=
#   JVM is running with Unscaled Compressed Oops mode in which the Java heap is
#     placed in the first 4GB address space. The Java Heap base address is the
#     maximum limit for the native heap growth. Please use -XX:HeapBaseMinAddress
#     to set the Java Heap base and to place the Java Heap above 4GB virtual address.
# This output file may be truncated or incomplete.
#
#  Out of Memory Error (virtualSpaceNode.cpp:110), pid=12272, tid=14784
#
# JRE version: OpenJDK Runtime Environment Temurin-17.0.4.1+1 (17.0.4.1+1) (build 17.0.4.1+1)
# Java VM: OpenJDK 64-Bit Server VM Temurin-17.0.4.1+1 (17.0.4.1+1, mixed mode, tiered, compressed oops, compressed class ptrs, parallel gc, windows-amd64)
# No core dump will be written. Minidumps are not enabled by default on client versions of Windows
#

---------------  S U M M A R Y ------------

Command Line: --add-modules=ALL-SYSTEM --add-opens=java.base/java.util=ALL-UNNAMED --add-opens=java.base/java.lang=ALL-UNNAMED --add-opens=java.base/sun.nio.fs=ALL-UNNAMED -Declipse.application=org.eclipse.jdt.ls.core.id1 -Dosgi.bundles.defaultStartLevel=4 -Declipse.product=org.eclipse.jdt.ls.core.product -Djava.import.generatesMetadataFilesAtProjectRoot=false -Dfile.encoding=utf8 -DwatchParentProcess=false -XX:+UseParallelGC -XX:GCTimeRatio=4 -XX:AdaptiveSizePolicyWeight=90 -Dsun.zip.disableMemoryMapping=true -Xmx1G -Xms100m -Xlog:disable -javaagent:c:\Users\Alex\.vscode\extensions\redhat.java-1.11.0-win32-x64\lombok\lombok-1.18.24.jar c:\Users\Alex\.vscode\extensions\redhat.java-1.11.0-win32-x64\server\plugins\org.eclipse.equinox.launcher_1.6.400.v20210924-0641.jar -configuration c:\Users\Alex\AppData\Roaming\Code\User\globalStorage\redhat.java\1.11.0\config_ss_win -data c:\Users\Alex\AppData\Roaming\Code\User\workspaceStorage\3b4a1bb62d924b5bd1142299cd15f1c9\redhat.java\ss_ws

Host: Intel(R) Core(TM) i5-5287U CPU @ 2.90GHz, 2 cores, 2G,  Windows 10 , 64 bit Build 19041 (10.0.19041.1889)
Time: Sat Oct 15 09:37:46 2022 E. Europe Summer Time elapsed time: 0.416694 seconds (0d 0h 0m 0s)

---------------  T H R E A D  ---------------

Current thread (0x0000020fd2881e40):  JavaThread "main" [_thread_in_vm, id=14784, stack(0x000000ebc8600000,0x000000ebc8700000)]

Stack: [0x000000ebc8600000,0x000000ebc8700000]
Native frames: (J=compiled Java code, j=interpreted, Vv=VM code, C=native code)
V  [jvm.dll+0x67731a]
V  [jvm.dll+0x832284]
V  [jvm.dll+0x833a2e]
V  [jvm.dll+0x834093]
V  [jvm.dll+0x245775]
V  [jvm.dll+0x82e22b]
V  [jvm.dll+0x61bdf6]
V  [jvm.dll+0x61be5a]
V  [jvm.dll+0x61e67a]
V  [jvm.dll+0x61c796]
V  [jvm.dll+0x6265e7]
V  [jvm.dll+0x1ea5db]
V  [jvm.dll+0x1eab15]
V  [jvm.dll+0x1eb54f]
V  [jvm.dll+0x1e09f1]
V  [jvm.dll+0x53c910]
V  [jvm.dll+0x1f11e7]
V  [jvm.dll+0x7ac56b]
V  [jvm.dll+0x7ad912]
V  [jvm.dll+0x7adc48]
V  [jvm.dll+0x23db7e]
V  [jvm.dll+0x23ddcf]
V  [jvm.dll+0x559ec3]
V  [jvm.dll+0x55c344]
V  [jvm.dll+0x382eae]
V  [jvm.dll+0x382952]
C  0x0000020fd553877e

Java frames: (J=compiled Java code, j=interpreted, Vv=VM code)
j  jdk.internal.module.ModuleBootstrap.initModulePatcher()Ljdk/internal/module/ModulePatcher;+3 java.base
j  jdk.internal.module.ModuleBootstrap.<clinit>()V+28 java.base
v  ~StubRoutines::call_stub
j  java.lang.System.initPhase2(ZZ)I+0 java.base
v  ~StubRoutines::call_stub

---------------  P R O C E S S  ---------------

Threads class SMR info:
_java_thread_list=0x0000020fe6691d10, length=10, elements={
0x0000020fd2881e40, 0x0000020fe6661b50, 0x0000020fe6662700, 0x0000020fe6689260,
0x0000020fe6689e10, 0x0000020fe668a9c0, 0x0000020fe668b570, 0x0000020fe668f320,
0x0000020fe6692cf0, 0x0000020fe66fa900
}

Java Threads: ( => current thread )
=>0x0000020fd2881e40 JavaThread "main" [_thread_in_vm, id=14784, stack(0x000000ebc8600000,0x000000ebc8700000)]
  0x0000020fe6661b50 JavaThread "Reference Handler" daemon [_thread_blocked, id=8016, stack(0x000000ebc8a00000,0x000000ebc8b00000)]
  0x0000020fe6662700 JavaThread "Finalizer" daemon [_thread_blocked, id=5980, stack(0x000000ebc8b00000,0x000000ebc8c00000)]
  0x0000020fe6689260 JavaThread "Signal Dispatcher" daemon [_thread_blocked, id=10560, stack(0x000000ebc8c00000,0x000000ebc8d00000)]
  0x0000020fe6689e10 JavaThread "Attach Listener" daemon [_thread_blocked, id=8328, stack(0x000000ebc8d00000,0x000000ebc8e00000)]
  0x0000020fe668a9c0 JavaThread "Service Thread" daemon [_thread_blocked, id=13372, stack(0x000000ebc8e00000,0x000000ebc8f00000)]
  0x0000020fe668b570 JavaThread "Monitor Deflation Thread" daemon [_thread_blocked, id=15252, stack(0x000000ebc8f00000,0x000000ebc9000000)]
  0x0000020fe668f320 JavaThread "C2 CompilerThread0" daemon [_thread_blocked, id=14856, stack(0x000000ebc9000000,0x000000ebc9100000)]
  0x0000020fe6692cf0 JavaThread "C1 CompilerThread0" daemon [_thread_blocked, id=14164, stack(0x000000ebc9100000,0x000000ebc9200000)]
  0x0000020fe66fa900 JavaThread "Sweeper thread" daemon [_thread_blocked, id=5464, stack(0x000000ebc9200000,0x000000ebc9300000)]

Other Threads:
  0x0000020fe66488a0 VMThread "VM Thread" [stack: 0x000000ebc8900000,0x000000ebc8a00000] [id=14276]
  0x0000020fd2897360 GCTaskThread "GC Thread#0" [stack: 0x000000ebc8800000,0x000000ebc8900000] [id=13428]

Threads with active compile tasks:

VM state: not at safepoint (normal execution)

VM Mutex/Monitor currently owned by a thread:  ([mutex/lock_event])
[0x0000020fd287cc60] Metaspace_lock - owner thread: 0x0000020fd2881e40

Heap address: 0x00000000c0000000, size: 1024 MB, Compressed Oops mode: 32-bit

CDS archive(s) not mapped
Compressed class space mapped at: 0x0000000100000000-0x0000000140000000, reserved size: 1073741824
Narrow klass base: 0x0000000000000000, Narrow klass shift: 3, Narrow klass range: 0x140000000

GC Precious Log:
 CPUs: 2 total, 2 available
 Memory: 2499M
 Large Page Support: Disabled
 NUMA Support: Disabled
 Compressed Oops: Enabled (32-bit)
 Alignments: Space 512K, Generation 512K, Heap 2M
 Heap Min Capacity: 100M
 Heap Initial Capacity: 100M
 Heap Max Capacity: 1G
 Pre-touch: Disabled
 Parallel Workers: 2

Heap:
 PSYoungGen      total 29696K, used 1024K [0x00000000eab00000, 0x00000000ecc00000, 0x0000000100000000)
  eden space 25600K, 4% used [0x00000000eab00000,0x00000000eac00138,0x00000000ec400000)
  from space 4096K, 0% used [0x00000000ec800000,0x00000000ec800000,0x00000000ecc00000)
  to   space 4096K, 0% used [0x00000000ec400000,0x00000000ec400000,0x00000000ec800000)
 ParOldGen       total 68608K, used 0K [0x00000000c0000000, 0x00000000c4300000, 0x00000000eab00000)
  object space 68608K, 0% used [0x00000000c0000000,0x00000000c0000000,0x00000000c4300000)
 Metaspace       used 2310K, committed 2368K, reserved 1056768K
  class space    used 198K, committed 256K, reserved 1048576K

Card table byte_map: [0x0000020fd2240000,0x0000020fd2450000] _byte_map_base: 0x0000020fd1c40000

Marking Bits: (ParMarkBitMap*) 0x00007ffbceef2cc0
 Begin Bits: [0x0000020fe4520000, 0x0000020fe5520000)
 End Bits:   [0x0000020fe5520000, 0x0000020fe6520000)

Polling page: 0x0000020fd07c0000

Metaspace:

Usage:
  Non-class:      2.06 MB used.
      Class:    198.53 KB used.
       Both:      2.26 MB used.

Virtual space:
  Non-class space:        8.00 MB reserved,       2.06 MB ( 26%) committed,  1 nodes.
      Class space:        1.00 GB reserved,     256.00 KB ( <1%) committed,  1 nodes.
             Both:        1.01 GB reserved,       2.31 MB ( <1%) committed. 

Chunk freelists:
   Non-Class:  0 bytes
       Class:  3.75 MB
        Both:  3.75 MB

MaxMetaspaceSize: unlimited
CompressedClassSpaceSize: 1.00 GB
Initial GC threshold: 21.00 MB
Current GC threshold: 21.00 MB
CDS: off
MetaspaceReclaimPolicy: balanced
 - commit_granule_bytes: 65536.
 - commit_granule_words: 8192.
 - virtual_space_node_default_size: 1048576.
 - enlarge_chunks_in_place: 1.
 - new_chunks_are_fully_committed: 0.
 - uncommit_free_chunks: 1.
 - use_allocation_guard: 0.
 - handle_deallocations: 1.


Internal statistics:

num_allocs_failed_limit: 0.
num_arena_births: 2.
num_arena_deaths: 0.
num_vsnodes_births: 2.
num_vsnodes_deaths: 0.
num_space_committed: 37.
num_space_uncommitted: 0.
num_chunks_returned_to_freelist: 0.
num_chunks_taken_from_freelist: 3.
num_chunk_merges: 0.
num_chunk_splits: 1.
num_chunks_enlarged: 0.
num_purges: 0.
num_inconsistent_stats: 0.

CodeHeap 'non-profiled nmethods': size=120064Kb used=0Kb max_used=0Kb free=120064Kb
 bounds [0x0000020fdcfe0000, 0x0000020fdd250000, 0x0000020fe4520000]
CodeHeap 'profiled nmethods': size=120000Kb used=2Kb max_used=2Kb free=119998Kb
 bounds [0x0000020fd5ab0000, 0x0000020fd5d20000, 0x0000020fdcfe0000]
CodeHeap 'non-nmethods': size=5696Kb used=1008Kb max_used=1008Kb free=4687Kb
 bounds [0x0000020fd5520000, 0x0000020fd5790000, 0x0000020fd5ab0000]
 total_blobs=263 nmethods=2 adapters=177
 compilation: enabled
              stopped_count=0, restarted_count=0
 full_count=0

Compilation events (4 events):
Event: 0.396 Thread 0x0000020fe6692cf0    1       3       java.lang.String::isLatin1 (19 bytes)
Event: 0.397 Thread 0x0000020fe6692cf0 nmethod 1 0x0000020fd5ab0010 code [0x0000020fd5ab01a0, 0x0000020fd5ab0318]
Event: 0.397 Thread 0x0000020fe6692cf0    2       3       java.lang.StringLatin1::hashCode (42 bytes)
Event: 0.397 Thread 0x0000020fe6692cf0 nmethod 2 0x0000020fd5ab0390 code [0x0000020fd5ab0520, 0x0000020fd5ab06d8]

GC Heap History (0 events):
No events

Deoptimization events (0 events):
No events

Classes unloaded (0 events):
No events

Classes redefined (0 events):
No events

Internal exceptions (0 events):
No events

VM Operations (0 events):
No events

Events (20 events):
Event: 0.373 Thread 0x0000020fe668a9c0 Thread added: 0x0000020fe668a9c0
Event: 0.373 Thread 0x0000020fe668b570 Thread added: 0x0000020fe668b570
Event: 0.373 Thread 0x0000020fe668f320 Thread added: 0x0000020fe668f320
Event: 0.380 Thread 0x0000020fe6692cf0 Thread added: 0x0000020fe6692cf0
Event: 0.392 Thread 0x0000020fe66fa900 Thread added: 0x0000020fe66fa900
Event: 0.395 loading class java/lang/invoke/MethodHandleStatics
Event: 0.395 loading class java/lang/invoke/MethodHandleStatics done
Event: 0.398 loading class jdk/internal/module/ModuleBootstrap
Event: 0.398 loading class jdk/internal/module/ModuleBootstrap done
Event: 0.399 loading class java/lang/module/ModuleDescriptor
Event: 0.399 loading class java/lang/module/ModuleDescriptor done
Event: 0.399 loading class sun/invoke/util/VerifyAccess
Event: 0.399 loading class sun/invoke/util/VerifyAccess done
Event: 0.399 loading class java/lang/reflect/Modifier
Event: 0.399 loading class java/lang/reflect/Modifier done
Event: 0.399 loading class java/lang/module/ModuleDescriptor$1
Event: 0.400 loading class jdk/internal/access/JavaLangModuleAccess
Event: 0.400 loading class jdk/internal/access/JavaLangModuleAccess done
Event: 0.400 loading class java/lang/module/ModuleDescriptor$1 done
Event: 0.400 loading class java/io/File


Dynamic libraries:
0x00007ff718360000 - 0x00007ff71836e000 	c:\Users\Alex\.vscode\extensions\redhat.java-1.11.0-win32-x64\jre\17.0.4.1-win32-x86_64\bin\java.exe
0x00007ffc4b1f0000 - 0x00007ffc4b3e8000 	C:\Windows\SYSTEM32\ntdll.dll
0x00007ffc49f90000 - 0x00007ffc4a04d000 	C:\Windows\System32\KERNEL32.DLL
0x00007ffc48f70000 - 0x00007ffc49242000 	C:\Windows\System32\KERNELBASE.dll
0x00007ffc48cd0000 - 0x00007ffc48dd0000 	C:\Windows\System32\ucrtbase.dll
0x00007ffc20470000 - 0x00007ffc20488000 	c:\Users\Alex\.vscode\extensions\redhat.java-1.11.0-win32-x64\jre\17.0.4.1-win32-x86_64\bin\jli.dll
0x00007ffc49d30000 - 0x00007ffc49ecd000 	C:\Windows\System32\USER32.dll
0x00007ffc48a10000 - 0x00007ffc48a32000 	C:\Windows\System32\win32u.dll
0x00007ffc4ad60000 - 0x00007ffc4ad8b000 	C:\Windows\System32\GDI32.dll
0x00007ffc48900000 - 0x00007ffc48a0f000 	C:\Windows\System32\gdi32full.dll
0x00007ffc48a40000 - 0x00007ffc48add000 	C:\Windows\System32\msvcp_win.dll
0x00007ffc1ce30000 - 0x00007ffc1ce49000 	c:\Users\Alex\.vscode\extensions\redhat.java-1.11.0-win32-x64\jre\17.0.4.1-win32-x86_64\bin\VCRUNTIME140.dll
0x00007ffc221f0000 - 0x00007ffc2248a000 	C:\Windows\WinSxS\amd64_microsoft.windows.common-controls_6595b64144ccf1df_6.0.19041.1110_none_60b5254171f9507e\COMCTL32.dll
0x00007ffc4a050000 - 0x00007ffc4a0ee000 	C:\Windows\System32\msvcrt.dll
0x00007ffc49c50000 - 0x00007ffc49c80000 	C:\Windows\System32\IMM32.DLL
0x00007ffc390b0000 - 0x00007ffc390bc000 	c:\Users\Alex\.vscode\extensions\redhat.java-1.11.0-win32-x64\jre\17.0.4.1-win32-x86_64\bin\vcruntime140_1.dll
0x00007ffc04ee0000 - 0x00007ffc04f71000 	c:\Users\Alex\.vscode\extensions\redhat.java-1.11.0-win32-x64\jre\17.0.4.1-win32-x86_64\bin\msvcp140.dll
0x00007ffbce370000 - 0x00007ffbcefb6000 	c:\Users\Alex\.vscode\extensions\redhat.java-1.11.0-win32-x64\jre\17.0.4.1-win32-x86_64\bin\server\jvm.dll
0x00007ffc49940000 - 0x00007ffc499ee000 	C:\Windows\System32\ADVAPI32.dll
0x00007ffc49c90000 - 0x00007ffc49d2c000 	C:\Windows\System32\sechost.dll
0x00007ffc4a8d0000 - 0x00007ffc4a9f5000 	C:\Windows\System32\RPCRT4.dll
0x00007ffc49c80000 - 0x00007ffc49c88000 	C:\Windows\System32\PSAPI.DLL
0x00007ffc34960000 - 0x00007ffc34969000 	C:\Windows\SYSTEM32\WSOCK32.dll
0x00007ffc4b140000 - 0x00007ffc4b1ab000 	C:\Windows\System32\WS2_32.dll
0x00007ffc40cb0000 - 0x00007ffc40cd7000 	C:\Windows\SYSTEM32\WINMM.dll
0x00007ffc40ce0000 - 0x00007ffc40cea000 	C:\Windows\SYSTEM32\VERSION.dll
0x00007ffc467c0000 - 0x00007ffc467d2000 	C:\Windows\SYSTEM32\kernel.appcore.dll
0x00007ffc1d200000 - 0x00007ffc1d20a000 	c:\Users\Alex\.vscode\extensions\redhat.java-1.11.0-win32-x64\jre\17.0.4.1-win32-x86_64\bin\jimage.dll
0x00007ffc38c20000 - 0x00007ffc38e04000 	C:\Windows\SYSTEM32\DBGHELP.DLL
0x00007ffc38900000 - 0x00007ffc3892c000 	C:\Windows\SYSTEM32\dbgcore.DLL
0x00007ffc48ae0000 - 0x00007ffc48b62000 	C:\Windows\System32\bcryptPrimitives.dll
0x00007ffc1c7a0000 - 0x00007ffc1c7ae000 	c:\Users\Alex\.vscode\extensions\redhat.java-1.11.0-win32-x64\jre\17.0.4.1-win32-x86_64\bin\instrument.dll
0x00007ffc10e50000 - 0x00007ffc10e75000 	c:\Users\Alex\.vscode\extensions\redhat.java-1.11.0-win32-x64\jre\17.0.4.1-win32-x86_64\bin\java.dll
0x00007ffc1c470000 - 0x00007ffc1c488000 	c:\Users\Alex\.vscode\extensions\redhat.java-1.11.0-win32-x64\jre\17.0.4.1-win32-x86_64\bin\zip.dll
0x00007ffc4a0f0000 - 0x00007ffc4a833000 	C:\Windows\System32\SHELL32.dll
0x00007ffc469c0000 - 0x00007ffc47151000 	C:\Windows\SYSTEM32\windows.storage.dll
0x00007ffc4aa00000 - 0x00007ffc4ad54000 	C:\Windows\System32\combase.dll
0x00007ffc48280000 - 0x00007ffc482b0000 	C:\Windows\SYSTEM32\Wldp.dll
0x00007ffc4b010000 - 0x00007ffc4b0bd000 	C:\Windows\System32\SHCORE.dll
0x00007ffc49f30000 - 0x00007ffc49f85000 	C:\Windows\System32\shlwapi.dll
0x00007ffc48840000 - 0x00007ffc4885f000 	C:\Windows\SYSTEM32\profapi.dll

dbghelp: loaded successfully - version: 4.0.5 - missing functions: none
symbol engine: initialized successfully - sym options: 0x614 - pdb path: .;c:\Users\Alex\.vscode\extensions\redhat.java-1.11.0-win32-x64\jre\17.0.4.1-win32-x86_64\bin;C:\Windows\SYSTEM32;C:\Windows\WinSxS\amd64_microsoft.windows.common-controls_6595b64144ccf1df_6.0.19041.1110_none_60b5254171f9507e;c:\Users\Alex\.vscode\extensions\redhat.java-1.11.0-win32-x64\jre\17.0.4.1-win32-x86_64\bin\server

VM Arguments:
jvm_args: --add-modules=ALL-SYSTEM --add-opens=java.base/java.util=ALL-UNNAMED --add-opens=java.base/java.lang=ALL-UNNAMED --add-opens=java.base/sun.nio.fs=ALL-UNNAMED -Declipse.application=org.eclipse.jdt.ls.core.id1 -Dosgi.bundles.defaultStartLevel=4 -Declipse.product=org.eclipse.jdt.ls.core.product -Djava.import.generatesMetadataFilesAtProjectRoot=false -Dfile.encoding=utf8 -DwatchParentProcess=false -XX:+UseParallelGC -XX:GCTimeRatio=4 -XX:AdaptiveSizePolicyWeight=90 -Dsun.zip.disableMemoryMapping=true -Xmx1G -Xms100m -Xlog:disable -javaagent:c:\Users\Alex\.vscode\extensions\redhat.java-1.11.0-win32-x64\lombok\lombok-1.18.24.jar 
java_command: c:\Users\Alex\.vscode\extensions\redhat.java-1.11.0-win32-x64\server\plugins\org.eclipse.equinox.launcher_1.6.400.v20210924-0641.jar -configuration c:\Users\Alex\AppData\Roaming\Code\User\globalStorage\redhat.java\1.11.0\config_ss_win -data c:\Users\Alex\AppData\Roaming\Code\User\workspaceStorage\3b4a1bb62d924b5bd1142299cd15f1c9\redhat.java\ss_ws
java_class_path (initial): c:\Users\Alex\.vscode\extensions\redhat.java-1.11.0-win32-x64\server\plugins\org.eclipse.equinox.launcher_1.6.400.v20210924-0641.jar
Launcher Type: SUN_STANDARD

[Global flags]
    uintx AdaptiveSizePolicyWeight                 = 90                                        {product} {command line}
     intx CICompilerCount                          = 2                                         {product} {ergonomic}
    uintx GCTimeRatio                              = 4                                         {product} {command line}
   size_t InitialHeapSize                          = 104857600                                 {product} {command line}
   size_t MaxHeapSize                              = 1073741824                                {product} {command line}
   size_t MaxNewSize                               = 357564416                                 {product} {ergonomic}
   size_t MinHeapDeltaBytes                        = 524288                                    {product} {ergonomic}
   size_t MinHeapSize                              = 104857600                                 {product} {command line}
   size_t NewSize                                  = 34603008                                  {product} {ergonomic}
    uintx NonNMethodCodeHeapSize                   = 5826188                                {pd product} {ergonomic}
    uintx NonProfiledCodeHeapSize                  = 122916026                              {pd product} {ergonomic}
   size_t OldSize                                  = 70254592                                  {product} {ergonomic}
    uintx ProfiledCodeHeapSize                     = 122916026                              {pd product} {ergonomic}
    uintx ReservedCodeCacheSize                    = 251658240                              {pd product} {ergonomic}
     bool SegmentedCodeCache                       = true                                      {product} {ergonomic}
   size_t SoftMaxHeapSize                          = 1073741824                             {manageable} {ergonomic}
     bool UseCompressedClassPointers               = true                           {product lp64_product} {ergonomic}
     bool UseCompressedOops                        = true                           {product lp64_product} {ergonomic}
     bool UseLargePagesIndividualAllocation        = false                                  {pd product} {ergonomic}
     bool UseParallelGC                            = true                                      {product} {command line}

Logging:
Log output configuration:
 #0: stdout all=off uptime,level,tags
 #1: stderr all=off uptime,level,tags

Environment Variables:
PATH=C:\Program Files\Eclipse Adoptium\jdk-17.0.3.7-hotspot\bin;C:\Program Files\Microsoft\jdk-11.0.12.7-hotspot\bin;C:\Windows\system32;C:\Windows;C:\Windows\System32\Wbem;C:\Windows\System32\WindowsPowerShell\v1.0\;C:\Windows\System32\OpenSSH\;C:\Program Files\Microsoft SQL Server\150\Tools\Binn\;C:\Program Files\Microsoft SQL Server\Client SDK\ODBC\170\Tools\Binn\;C:\TDM-GCC-64\bin;C:\Program Files\Go\bin;C:\Program Files (x86)\Microsoft SQL Server\150\Tools\Binn\;C:\Program Files\Microsoft SQL Server\150\DTS\Binn\;C:\Program Files (x86)\Microsoft SQL Server\150\DTS\Binn\;C:\Program Files\Azure Data Studio\bin;C:\Program Files\dotnet\;C:\Program Files\nodejs\;C:\ProgramData\chocolatey\bin;C:\Program Files\Git\cmd;C:\Ruby31-x64\bin;C:\Users\Alex\AppData\Local\Microsoft\WindowsApps;C:\Users\Alex\.dotnet\tools;C:\Users\Alex\AppData\Local\Programs\Microsoft VS Code\bin;C:\Users\Alex\go\bin;C:\Program Files\Azure Data Studio\bin;C:\Users\Alex\AppData\Local\GitHubDesktop\bin;C:\Users\Alex\AppData\Roaming\npm;C:\Program Files\JetBrains\RubyMine 2022.2.3\bin;;C:\Program Files\JetBrains\GoLand 2022.2.3\bin;;C:\Program Files\JetBrains\PyCharm 2022.2.2\bin;;C:\Program Files\JetBrains\IntelliJ IDEA 2022.2.3\bin;
USERNAME=Alex
OS=Windows_NT
PROCESSOR_IDENTIFIER=Intel64 Family 6 Model 61 Stepping 4, GenuineIntel
TMP=C:\Users\Alex\AppData\Local\Temp
TEMP=C:\Users\Alex\AppData\Local\Temp



---------------  S Y S T E M  ---------------

OS:
 Windows 10 , 64 bit Build 19041 (10.0.19041.1889)
OS uptime: 0 days 12:08 hours
VMWare virtualization detected

CPU: total 2 (initial active 2) (1 cores per cpu, 1 threads per core) family 6 model 61 stepping 4 microcode 0x0, cx8, cmov, fxsr, mmx, 3dnowpref, sse, sse2, sse3, ssse3, sse4.1, sse4.2, popcnt, lzcnt, tsc, tscinvbit, avx, avx2, aes, erms, clmul, bmi1, bmi2, adx, fma, vzeroupper, clflush, hv

Memory: 4k page, system-wide physical 2499M (85M free)
TotalPageFile size 10179M (AvailPageFile size 2M)
current process WorkingSet (physical memory assigned to process): 22M, peak: 22M
current process commit charge ("private bytes"): 160M, peak: 160M

vm_info: OpenJDK 64-Bit Server VM (17.0.4.1+1) for windows-amd64 JRE (17.0.4.1+1), built on Aug 17 2022 07:42:43 by "temurin" with MS VC++ 16.7 (VS2019)

END.
