#
# There is insufficient memory for the Java Runtime Environment to continue.
# Native memory allocation (malloc) failed to allocate 32744 bytes for ChunkPool::allocate
# Possible reasons:
#   The system is out of physical RAM or swap space
#   The process is running with CompressedOops enabled, and the Java Heap may be blocking the growth of the native heap
# Possible solutions:
#   Reduce memory load on the system
#   Increase physical memory or swap space
#   Check if swap backing store is full
#   Decrease Java heap size (-Xmx/-Xms)
#   Decrease number of Java threads
#   Decrease Java thread stack sizes (-Xss)
#   Set larger code cache with -XX:ReservedCodeCacheSize=
#   JVM is running with Unscaled Compressed Oops mode in which the Java heap is
#     placed in the first 4GB address space. The Java Heap base address is the
#     maximum limit for the native heap growth. Please use -XX:HeapBaseMinAddress
#     to set the Java Heap base and to place the Java Heap above 4GB virtual address.
# This output file may be truncated or incomplete.
#
#  Out of Memory Error (arena.cpp:78), pid=13468, tid=5388
#
# JRE version: OpenJDK Runtime Environment Temurin-17.0.4.1+1 (17.0.4.1+1) (build 17.0.4.1+1)
# Java VM: OpenJDK 64-Bit Server VM Temurin-17.0.4.1+1 (17.0.4.1+1, mixed mode, tiered, compressed oops, compressed class ptrs, parallel gc, windows-amd64)
# No core dump will be written. Minidumps are not enabled by default on client versions of Windows
#

---------------  S U M M A R Y ------------

Command Line: --add-modules=ALL-SYSTEM --add-opens=java.base/java.util=ALL-UNNAMED --add-opens=java.base/java.lang=ALL-UNNAMED --add-opens=java.base/sun.nio.fs=ALL-UNNAMED -Declipse.application=org.eclipse.jdt.ls.core.id1 -Dosgi.bundles.defaultStartLevel=4 -Declipse.product=org.eclipse.jdt.ls.core.product -Djava.import.generatesMetadataFilesAtProjectRoot=false -Dfile.encoding=utf8 -DwatchParentProcess=false -XX:+UseParallelGC -XX:GCTimeRatio=4 -XX:AdaptiveSizePolicyWeight=90 -Dsun.zip.disableMemoryMapping=true -Xmx1G -Xms100m -Xlog:disable -javaagent:c:\Users\Alex\.vscode\extensions\redhat.java-1.11.0-win32-x64\lombok\lombok-1.18.24.jar -XX:+HeapDumpOnOutOfMemoryError -XX:HeapDumpPath=c:\Users\Alex\AppData\Roaming\Code\User\workspaceStorage\3b4a1bb62d924b5bd1142299cd15f1c9\redhat.java c:\Users\Alex\.vscode\extensions\redhat.java-1.11.0-win32-x64\server\plugins\org.eclipse.equinox.launcher_1.6.400.v20210924-0641.jar -configuration c:\Users\Alex\AppData\Roaming\Code\User\globalStorage\redhat.java\1.11.0\config_win -data c:\Users\Alex\AppData\Roaming\Code\User\workspaceStorage\3b4a1bb62d924b5bd1142299cd15f1c9\redhat.java\jdt_ws

Host: Intel(R) Core(TM) i5-5287U CPU @ 2.90GHz, 2 cores, 2G,  Windows 10 , 64 bit Build 19041 (10.0.19041.1889)
Time: Sat Oct 15 09:37:43 2022 E. Europe Summer Time elapsed time: 3.105957 seconds (0d 0h 0m 3s)

---------------  T H R E A D  ---------------

Current thread (0x000001f7750277a0):  JavaThread "C2 CompilerThread0" daemon [_thread_in_native, id=5388, stack(0x000000655f200000,0x000000655f300000)]


Current CompileTask:
C2:   3106  452       4       lombok.patcher.PatchScript::classMatches (41 bytes)

Stack: [0x000000655f200000,0x000000655f300000]
Native frames: (J=compiled Java code, j=interpreted, Vv=VM code, C=native code)
V  [jvm.dll+0x67731a]
V  [jvm.dll+0x832284]
V  [jvm.dll+0x833a2e]
V  [jvm.dll+0x834093]
V  [jvm.dll+0x245775]
V  [jvm.dll+0xabfc0]
V  [jvm.dll+0xac30c]
V  [jvm.dll+0x2acd4c]
V  [jvm.dll+0x57dd77]
V  [jvm.dll+0x220892]
V  [jvm.dll+0x220c6f]
V  [jvm.dll+0x21a4d5]
V  [jvm.dll+0x21799b]
V  [jvm.dll+0x1a3f8d]
V  [jvm.dll+0x227498]
V  [jvm.dll+0x2255e5]
V  [jvm.dll+0x7e7e9b]
V  [jvm.dll+0x7e240a]
V  [jvm.dll+0x6761a5]
C  [ucrtbase.dll+0x21bb2]
C  [KERNEL32.DLL+0x17034]
C  [ntdll.dll+0x526a1]


---------------  P R O C E S S  ---------------

Threads class SMR info:
_java_thread_list=0x000001f776496c30, length=12, elements={
0x000001f761214830, 0x000001f774ff3750, 0x000001f774ff44d0, 0x000001f77501c760,
0x000001f77501d4e0, 0x000001f77501e060, 0x000001f775025ba0, 0x000001f7750277a0,
0x000001f77502c000, 0x000001f7750518d0, 0x000001f77626e430, 0x000001f7764a8630
}

Java Threads: ( => current thread )
  0x000001f761214830 JavaThread "main" [_thread_in_vm, id=14584, stack(0x000000655e900000,0x000000655ea00000)]
  0x000001f774ff3750 JavaThread "Reference Handler" daemon [_thread_blocked, id=8880, stack(0x000000655ec00000,0x000000655ed00000)]
  0x000001f774ff44d0 JavaThread "Finalizer" daemon [_thread_blocked, id=380, stack(0x000000655ed00000,0x000000655ee00000)]
  0x000001f77501c760 JavaThread "Signal Dispatcher" daemon [_thread_blocked, id=14456, stack(0x000000655ee00000,0x000000655ef00000)]
  0x000001f77501d4e0 JavaThread "Attach Listener" daemon [_thread_blocked, id=13700, stack(0x000000655ef00000,0x000000655f000000)]
  0x000001f77501e060 JavaThread "Service Thread" daemon [_thread_blocked, id=14556, stack(0x000000655f000000,0x000000655f100000)]
  0x000001f775025ba0 JavaThread "Monitor Deflation Thread" daemon [_thread_blocked, id=13948, stack(0x000000655f100000,0x000000655f200000)]
=>0x000001f7750277a0 JavaThread "C2 CompilerThread0" daemon [_thread_in_native, id=5388, stack(0x000000655f200000,0x000000655f300000)]
  0x000001f77502c000 JavaThread "C1 CompilerThread0" daemon [_thread_in_native, id=13456, stack(0x000000655f300000,0x000000655f400000)]
  0x000001f7750518d0 JavaThread "Sweeper thread" daemon [_thread_blocked, id=12364, stack(0x000000655f400000,0x000000655f500000)]
  0x000001f77626e430 JavaThread "Common-Cleaner" daemon [_thread_blocked, id=14672, stack(0x000000655f500000,0x000000655f600000)]
  0x000001f7764a8630 JavaThread "Notification Thread" daemon [_thread_blocked, id=15072, stack(0x000000655f600000,0x000000655f700000)]

Other Threads:
  0x000001f774fdb6b0 VMThread "VM Thread" [stack: 0x000000655eb00000,0x000000655ec00000] [id=5036]
  0x000001f77649e6e0 WatcherThread [stack: 0x000000655f700000,0x000000655f800000] [id=12548]
  0x000001f76122a6c0 GCTaskThread "GC Thread#0" [stack: 0x000000655ea00000,0x000000655eb00000] [id=15076]

Threads with active compile tasks:
C2 CompilerThread0     3208  452       4       lombok.patcher.PatchScript::classMatches (41 bytes)
C1 CompilerThread0     3208  464       3       java.math.BigInteger::<init> (404 bytes)

VM state: not at safepoint (normal execution)

VM Mutex/Monitor currently owned by a thread: None

Heap address: 0x00000000c0000000, size: 1024 MB, Compressed Oops mode: 32-bit

CDS archive(s) not mapped
Compressed class space mapped at: 0x0000000100000000-0x0000000140000000, reserved size: 1073741824
Narrow klass base: 0x0000000000000000, Narrow klass shift: 3, Narrow klass range: 0x140000000

GC Precious Log:
 CPUs: 2 total, 2 available
 Memory: 2499M
 Large Page Support: Disabled
 NUMA Support: Disabled
 Compressed Oops: Enabled (32-bit)
 Alignments: Space 512K, Generation 512K, Heap 2M
 Heap Min Capacity: 100M
 Heap Initial Capacity: 100M
 Heap Max Capacity: 1G
 Pre-touch: Disabled
 Parallel Workers: 2

Heap:
 PSYoungGen      total 29696K, used 10845K [0x00000000eab00000, 0x00000000ecc00000, 0x0000000100000000)
  eden space 25600K, 42% used [0x00000000eab00000,0x00000000eb597768,0x00000000ec400000)
  from space 4096K, 0% used [0x00000000ec800000,0x00000000ec800000,0x00000000ecc00000)
  to   space 4096K, 0% used [0x00000000ec400000,0x00000000ec400000,0x00000000ec800000)
 ParOldGen       total 68608K, used 0K [0x00000000c0000000, 0x00000000c4300000, 0x00000000eab00000)
  object space 68608K, 0% used [0x00000000c0000000,0x00000000c0000000,0x00000000c4300000)
 Metaspace       used 7809K, committed 7936K, reserved 1056768K
  class space    used 772K, committed 832K, reserved 1048576K

Card table byte_map: [0x000001f760ae0000,0x000001f760cf0000] _byte_map_base: 0x000001f7604e0000

Marking Bits: (ParMarkBitMap*) 0x00007ffbceef2cc0
 Begin Bits: [0x000001f772eb0000, 0x000001f773eb0000)
 End Bits:   [0x000001f773eb0000, 0x000001f774eb0000)

Polling page: 0x000001f75f000000

Metaspace:

Usage:
  Non-class:      6.87 MB used.
      Class:    772.75 KB used.
       Both:      7.63 MB used.

Virtual space:
  Non-class space:        8.00 MB reserved,       6.94 MB ( 87%) committed,  1 nodes.
      Class space:        1.00 GB reserved,     832.00 KB ( <1%) committed,  1 nodes.
             Both:        1.01 GB reserved,       7.75 MB ( <1%) committed. 

Chunk freelists:
   Non-Class:  1.00 MB
       Class:  3.22 MB
        Both:  4.22 MB

MaxMetaspaceSize: unlimited
CompressedClassSpaceSize: 1.00 GB
Initial GC threshold: 21.00 MB
Current GC threshold: 21.00 MB
CDS: off
MetaspaceReclaimPolicy: balanced
 - commit_granule_bytes: 65536.
 - commit_granule_words: 8192.
 - virtual_space_node_default_size: 1048576.
 - enlarge_chunks_in_place: 1.
 - new_chunks_are_fully_committed: 0.
 - uncommit_free_chunks: 1.
 - use_allocation_guard: 0.
 - handle_deallocations: 1.


Internal statistics:

num_allocs_failed_limit: 0.
num_arena_births: 10.
num_arena_deaths: 0.
num_vsnodes_births: 2.
num_vsnodes_deaths: 0.
num_space_committed: 124.
num_space_uncommitted: 0.
num_chunks_returned_to_freelist: 0.
num_chunks_taken_from_freelist: 37.
num_chunk_merges: 0.
num_chunk_splits: 20.
num_chunks_enlarged: 16.
num_purges: 0.
num_inconsistent_stats: 0.

CodeHeap 'non-profiled nmethods': size=120064Kb used=148Kb max_used=148Kb free=119915Kb
 bounds [0x000001f76b970000, 0x000001f76bbe0000, 0x000001f772eb0000]
CodeHeap 'profiled nmethods': size=120000Kb used=663Kb max_used=663Kb free=119336Kb
 bounds [0x000001f764440000, 0x000001f7646b0000, 0x000001f76b970000]
CodeHeap 'non-nmethods': size=5696Kb used=1121Kb max_used=1135Kb free=4574Kb
 bounds [0x000001f763eb0000, 0x000001f764120000, 0x000001f764440000]
 total_blobs=864 nmethods=457 adapters=322
 compilation: enabled
              stopped_count=0, restarted_count=0
 full_count=0

Compilation events (20 events):
Event: 3.006 Thread 0x000001f77502c000  449       3       sun.security.util.DerInputStream::available (10 bytes)
Event: 3.006 Thread 0x000001f77502c000 nmethod 449 0x000001f7644df610 code [0x000001f7644df7a0, 0x000001f7644df8b8]
Event: 3.015 Thread 0x000001f7750277a0  451       4       java.util.Collections$UnmodifiableCollection::iterator (9 bytes)
Event: 3.047 Thread 0x000001f7750277a0 nmethod 451 0x000001f76b994490 code [0x000001f76b994660, 0x000001f76b994c98]
Event: 3.047 Thread 0x000001f7750277a0  452       4       lombok.patcher.PatchScript::classMatches (41 bytes)
Event: 3.060 Thread 0x000001f77502c000  453   !   3       java.lang.String::replace (258 bytes)
Event: 3.065 Thread 0x000001f77502c000 nmethod 453 0x000001f7644df990 code [0x000001f7644dfe60, 0x000001f7644e2188]
Event: 3.066 Thread 0x000001f77502c000  455       3       sun.instrument.InstrumentationImpl::transform (73 bytes)
Event: 3.066 Thread 0x000001f77502c000 nmethod 455 0x000001f7644e3110 code [0x000001f7644e32e0, 0x000001f7644e3688]
Event: 3.066 Thread 0x000001f77502c000  456       3       java.lang.instrument.ClassFileTransformer::transform (15 bytes)
Event: 3.067 Thread 0x000001f77502c000 nmethod 456 0x000001f7644e3810 code [0x000001f7644e39c0, 0x000001f7644e3b48]
Event: 3.067 Thread 0x000001f77502c000  457       3       lombok.eclipse.agent.EclipsePatcher$1::shouldTransform (79 bytes)
Event: 3.068 Thread 0x000001f77502c000 nmethod 457 0x000001f7644e3c90 code [0x000001f7644e3f00, 0x000001f7644e48e8]
Event: 3.071 Thread 0x000001f77502c000  458       3       java.math.BigInteger::destructiveMulAdd (150 bytes)
Event: 3.072 Thread 0x000001f77502c000 nmethod 458 0x000001f7644e4c90 code [0x000001f7644e4e40, 0x000001f7644e5198]
Event: 3.075 Thread 0x000001f77502c000  459       3       java.io.ByteArrayOutputStream::ensureCapacity (32 bytes)
Event: 3.075 Thread 0x000001f77502c000 nmethod 459 0x000001f7644e5390 code [0x000001f7644e5560, 0x000001f7644e58d8]
Event: 3.077 Thread 0x000001f77502c000  461       3       java.lang.Integer::numberOfLeadingZeros (79 bytes)
Event: 3.077 Thread 0x000001f77502c000 nmethod 461 0x000001f7644e5a90 code [0x000001f7644e5c40, 0x000001f7644e5f18]
Event: 3.080 Thread 0x000001f77502c000  464       3       java.math.BigInteger::<init> (404 bytes)

GC Heap History (0 events):
No events

Deoptimization events (20 events):
Event: 2.965 Thread 0x000001f761214830 Uncommon trap: trap_request=0xffffffde fr.pc=0x000001f76b992124 relative=0x0000000000000104
Event: 2.965 Thread 0x000001f761214830 Uncommon trap: reason=class_check action=maybe_recompile pc=0x000001f76b992124 method=jdk.internal.misc.Unsafe.allocateUninitializedArray(Ljava/lang/Class;I)Ljava/lang/Object; @ 51 c2
Event: 2.965 Thread 0x000001f761214830 DEOPT PACKING pc=0x000001f76b992124 sp=0x000000655e9fb7f0
Event: 2.965 Thread 0x000001f761214830 DEOPT UNPACKING pc=0x000001f763f020a3 sp=0x000000655e9fb778 mode 2
Event: 2.965 Thread 0x000001f761214830 Uncommon trap: trap_request=0xffffffde fr.pc=0x000001f76b992124 relative=0x0000000000000104
Event: 2.965 Thread 0x000001f761214830 Uncommon trap: reason=class_check action=maybe_recompile pc=0x000001f76b992124 method=jdk.internal.misc.Unsafe.allocateUninitializedArray(Ljava/lang/Class;I)Ljava/lang/Object; @ 51 c2
Event: 2.965 Thread 0x000001f761214830 DEOPT PACKING pc=0x000001f76b992124 sp=0x000000655e9fb7f0
Event: 2.965 Thread 0x000001f761214830 DEOPT UNPACKING pc=0x000001f763f020a3 sp=0x000000655e9fb778 mode 2
Event: 2.965 Thread 0x000001f761214830 Uncommon trap: trap_request=0xffffffde fr.pc=0x000001f76b992124 relative=0x0000000000000104
Event: 2.965 Thread 0x000001f761214830 Uncommon trap: reason=class_check action=maybe_recompile pc=0x000001f76b992124 method=jdk.internal.misc.Unsafe.allocateUninitializedArray(Ljava/lang/Class;I)Ljava/lang/Object; @ 51 c2
Event: 2.965 Thread 0x000001f761214830 DEOPT PACKING pc=0x000001f76b992124 sp=0x000000655e9fb830
Event: 2.965 Thread 0x000001f761214830 DEOPT UNPACKING pc=0x000001f763f020a3 sp=0x000000655e9fb7b8 mode 2
Event: 2.998 Thread 0x000001f761214830 Uncommon trap: trap_request=0xffffff45 fr.pc=0x000001f76b983dc0 relative=0x00000000000000c0
Event: 2.998 Thread 0x000001f761214830 Uncommon trap: reason=unstable_if action=reinterpret pc=0x000001f76b983dc0 method=java.net.URI.match(CJJ)Z @ 45 c2
Event: 2.998 Thread 0x000001f761214830 DEOPT PACKING pc=0x000001f76b983dc0 sp=0x000000655e9fca70
Event: 2.998 Thread 0x000001f761214830 DEOPT UNPACKING pc=0x000001f763f020a3 sp=0x000000655e9fc9f8 mode 2
Event: 3.054 Thread 0x000001f761214830 Uncommon trap: trap_request=0xffffff45 fr.pc=0x000001f76b9934ac relative=0x00000000000005ac
Event: 3.055 Thread 0x000001f761214830 Uncommon trap: reason=unstable_if action=reinterpret pc=0x000001f76b9934ac method=java.lang.String.replace(Ljava/lang/CharSequence;Ljava/lang/CharSequence;)Ljava/lang/String; @ 48 c2
Event: 3.055 Thread 0x000001f761214830 DEOPT PACKING pc=0x000001f76b9934ac sp=0x000000655e9fca00
Event: 3.055 Thread 0x000001f761214830 DEOPT UNPACKING pc=0x000001f763f020a3 sp=0x000000655e9fc970 mode 2

Classes unloaded (0 events):
No events

Classes redefined (0 events):
No events

Internal exceptions (2 events):
Event: 1.482 Thread 0x000001f761214830 Exception <a 'java/lang/NoSuchMethodError'{0x00000000eacb22a0}: 'void java.lang.invoke.DirectMethodHandle$Holder.invokeStatic(java.lang.Object, java.lang.Object, java.lang.Object)'> (0x00000000eacb22a0) 
thrown [s\src\hotspot\share\interpreter\linkResolver.cpp, line 759]
Event: 2.182 Thread 0x000001f761214830 Exception <a 'java/lang/reflect/InvocationTargetException'{0x00000000eaf77ff0}> (0x00000000eaf77ff0) 
thrown [s\src\hotspot\share\runtime\reflection.cpp, line 1121]

VM Operations (6 events):
Event: 1.493 Executing VM operation: HandshakeAllThreads
Event: 1.493 Executing VM operation: HandshakeAllThreads done
Event: 1.926 Executing VM operation: HandshakeAllThreads
Event: 1.926 Executing VM operation: HandshakeAllThreads done
Event: 2.929 Executing VM operation: Cleanup
Event: 2.930 Executing VM operation: Cleanup done

Events (20 events):
Event: 3.049 loading class java/util/TreeMap$PrivateEntryIterator done
Event: 3.049 loading class java/util/TreeMap$KeyIterator done
Event: 3.051 loading class sun/security/util/DisabledAlgorithmConstraints$Constraints
Event: 3.054 loading class sun/security/util/DisabledAlgorithmConstraints$Constraints done
Event: 3.055 loading class sun/security/util/CurveDB
Event: 3.057 loading class sun/security/util/CurveDB done
Event: 3.057 loading class java/security/spec/ECFieldFp
Event: 3.059 loading class java/security/spec/ECField
Event: 3.060 loading class java/security/spec/ECField done
Event: 3.060 loading class java/security/spec/ECFieldFp done
Event: 3.060 loading class java/security/spec/EllipticCurve
Event: 3.065 loading class java/security/spec/EllipticCurve done
Event: 3.065 loading class java/security/spec/ECPoint
Event: 3.066 loading class java/security/spec/ECPoint done
Event: 3.066 loading class sun/security/util/NamedCurve
Event: 3.067 loading class java/security/spec/ECParameterSpec
Event: 3.069 loading class java/security/spec/ECParameterSpec done
Event: 3.069 loading class sun/security/util/NamedCurve done
Event: 3.076 loading class java/security/spec/ECFieldF2m
Event: 3.076 loading class java/security/spec/ECFieldF2m done


Dynamic libraries:
0x00007ff718360000 - 0x00007ff71836e000 	c:\Users\Alex\.vscode\extensions\redhat.java-1.11.0-win32-x64\jre\17.0.4.1-win32-x86_64\bin\java.exe
0x00007ffc4b1f0000 - 0x00007ffc4b3e8000 	C:\Windows\SYSTEM32\ntdll.dll
0x00007ffc49f90000 - 0x00007ffc4a04d000 	C:\Windows\System32\KERNEL32.DLL
0x00007ffc48f70000 - 0x00007ffc49242000 	C:\Windows\System32\KERNELBASE.dll
0x00007ffc48cd0000 - 0x00007ffc48dd0000 	C:\Windows\System32\ucrtbase.dll
0x00007ffc1ce30000 - 0x00007ffc1ce48000 	c:\Users\Alex\.vscode\extensions\redhat.java-1.11.0-win32-x64\jre\17.0.4.1-win32-x86_64\bin\jli.dll
0x00007ffc49d30000 - 0x00007ffc49ecd000 	C:\Windows\System32\USER32.dll
0x00007ffc48a10000 - 0x00007ffc48a32000 	C:\Windows\System32\win32u.dll
0x00007ffc4ad60000 - 0x00007ffc4ad8b000 	C:\Windows\System32\GDI32.dll
0x00007ffc48900000 - 0x00007ffc48a0f000 	C:\Windows\System32\gdi32full.dll
0x00007ffc48a40000 - 0x00007ffc48add000 	C:\Windows\System32\msvcp_win.dll
0x00007ffc221f0000 - 0x00007ffc2248a000 	C:\Windows\WinSxS\amd64_microsoft.windows.common-controls_6595b64144ccf1df_6.0.19041.1110_none_60b5254171f9507e\COMCTL32.dll
0x00007ffc4a050000 - 0x00007ffc4a0ee000 	C:\Windows\System32\msvcrt.dll
0x00007ffc20470000 - 0x00007ffc20489000 	c:\Users\Alex\.vscode\extensions\redhat.java-1.11.0-win32-x64\jre\17.0.4.1-win32-x86_64\bin\VCRUNTIME140.dll
0x00007ffc49c50000 - 0x00007ffc49c80000 	C:\Windows\System32\IMM32.DLL
0x00007ffc390b0000 - 0x00007ffc390bc000 	c:\Users\Alex\.vscode\extensions\redhat.java-1.11.0-win32-x64\jre\17.0.4.1-win32-x86_64\bin\vcruntime140_1.dll
0x00007ffc04ee0000 - 0x00007ffc04f71000 	c:\Users\Alex\.vscode\extensions\redhat.java-1.11.0-win32-x64\jre\17.0.4.1-win32-x86_64\bin\msvcp140.dll
0x00007ffbce370000 - 0x00007ffbcefb6000 	c:\Users\Alex\.vscode\extensions\redhat.java-1.11.0-win32-x64\jre\17.0.4.1-win32-x86_64\bin\server\jvm.dll
0x00007ffc49940000 - 0x00007ffc499ee000 	C:\Windows\System32\ADVAPI32.dll
0x00007ffc49c90000 - 0x00007ffc49d2c000 	C:\Windows\System32\sechost.dll
0x00007ffc4a8d0000 - 0x00007ffc4a9f5000 	C:\Windows\System32\RPCRT4.dll
0x00007ffc49c80000 - 0x00007ffc49c88000 	C:\Windows\System32\PSAPI.DLL
0x00007ffc34960000 - 0x00007ffc34969000 	C:\Windows\SYSTEM32\WSOCK32.dll
0x00007ffc4b140000 - 0x00007ffc4b1ab000 	C:\Windows\System32\WS2_32.dll
0x00007ffc40cb0000 - 0x00007ffc40cd7000 	C:\Windows\SYSTEM32\WINMM.dll
0x00007ffc40ce0000 - 0x00007ffc40cea000 	C:\Windows\SYSTEM32\VERSION.dll
0x00007ffc467c0000 - 0x00007ffc467d2000 	C:\Windows\SYSTEM32\kernel.appcore.dll
0x00007ffc1d200000 - 0x00007ffc1d20a000 	c:\Users\Alex\.vscode\extensions\redhat.java-1.11.0-win32-x64\jre\17.0.4.1-win32-x86_64\bin\jimage.dll
0x00007ffc38c20000 - 0x00007ffc38e04000 	C:\Windows\SYSTEM32\DBGHELP.DLL
0x00007ffc38900000 - 0x00007ffc3892c000 	C:\Windows\SYSTEM32\dbgcore.DLL
0x00007ffc48ae0000 - 0x00007ffc48b62000 	C:\Windows\System32\bcryptPrimitives.dll
0x00007ffc1c7a0000 - 0x00007ffc1c7ae000 	c:\Users\Alex\.vscode\extensions\redhat.java-1.11.0-win32-x64\jre\17.0.4.1-win32-x86_64\bin\instrument.dll
0x00007ffc10e50000 - 0x00007ffc10e75000 	c:\Users\Alex\.vscode\extensions\redhat.java-1.11.0-win32-x64\jre\17.0.4.1-win32-x86_64\bin\java.dll
0x00007ffc1c470000 - 0x00007ffc1c488000 	c:\Users\Alex\.vscode\extensions\redhat.java-1.11.0-win32-x64\jre\17.0.4.1-win32-x86_64\bin\zip.dll
0x00007ffc4a0f0000 - 0x00007ffc4a833000 	C:\Windows\System32\SHELL32.dll
0x00007ffc469c0000 - 0x00007ffc47151000 	C:\Windows\SYSTEM32\windows.storage.dll
0x00007ffc4aa00000 - 0x00007ffc4ad54000 	C:\Windows\System32\combase.dll
0x00007ffc48280000 - 0x00007ffc482b0000 	C:\Windows\SYSTEM32\Wldp.dll
0x00007ffc4b010000 - 0x00007ffc4b0bd000 	C:\Windows\System32\SHCORE.dll
0x00007ffc49f30000 - 0x00007ffc49f85000 	C:\Windows\System32\shlwapi.dll
0x00007ffc48840000 - 0x00007ffc4885f000 	C:\Windows\SYSTEM32\profapi.dll
0x00007ffc17290000 - 0x00007ffc172a9000 	C:\Users\Alex\.vscode\extensions\redhat.java-1.11.0-win32-x64\jre\17.0.4.1-win32-x86_64\bin\net.dll
0x00007ffc40450000 - 0x00007ffc4055d000 	C:\Windows\SYSTEM32\WINHTTP.dll
0x00007ffc47fe0000 - 0x00007ffc4804a000 	C:\Windows\system32\mswsock.dll
0x00007ffc10a70000 - 0x00007ffc10a85000 	C:\Users\Alex\.vscode\extensions\redhat.java-1.11.0-win32-x64\jre\17.0.4.1-win32-x86_64\bin\nio.dll
0x00007ffc1a680000 - 0x00007ffc1a690000 	c:\Users\Alex\.vscode\extensions\redhat.java-1.11.0-win32-x64\jre\17.0.4.1-win32-x86_64\bin\verify.dll

dbghelp: loaded successfully - version: 4.0.5 - missing functions: none
symbol engine: initialized successfully - sym options: 0x614 - pdb path: .;c:\Users\Alex\.vscode\extensions\redhat.java-1.11.0-win32-x64\jre\17.0.4.1-win32-x86_64\bin;C:\Windows\SYSTEM32;C:\Windows\WinSxS\amd64_microsoft.windows.common-controls_6595b64144ccf1df_6.0.19041.1110_none_60b5254171f9507e;c:\Users\Alex\.vscode\extensions\redhat.java-1.11.0-win32-x64\jre\17.0.4.1-win32-x86_64\bin\server

VM Arguments:
jvm_args: --add-modules=ALL-SYSTEM --add-opens=java.base/java.util=ALL-UNNAMED --add-opens=java.base/java.lang=ALL-UNNAMED --add-opens=java.base/sun.nio.fs=ALL-UNNAMED -Declipse.application=org.eclipse.jdt.ls.core.id1 -Dosgi.bundles.defaultStartLevel=4 -Declipse.product=org.eclipse.jdt.ls.core.product -Djava.import.generatesMetadataFilesAtProjectRoot=false -Dfile.encoding=utf8 -DwatchParentProcess=false -XX:+UseParallelGC -XX:GCTimeRatio=4 -XX:AdaptiveSizePolicyWeight=90 -Dsun.zip.disableMemoryMapping=true -Xmx1G -Xms100m -Xlog:disable -javaagent:c:\Users\Alex\.vscode\extensions\redhat.java-1.11.0-win32-x64\lombok\lombok-1.18.24.jar -XX:+HeapDumpOnOutOfMemoryError -XX:HeapDumpPath=c:\Users\Alex\AppData\Roaming\Code\User\workspaceStorage\3b4a1bb62d924b5bd1142299cd15f1c9\redhat.java 
java_command: c:\Users\Alex\.vscode\extensions\redhat.java-1.11.0-win32-x64\server\plugins\org.eclipse.equinox.launcher_1.6.400.v20210924-0641.jar -configuration c:\Users\Alex\AppData\Roaming\Code\User\globalStorage\redhat.java\1.11.0\config_win -data c:\Users\Alex\AppData\Roaming\Code\User\workspaceStorage\3b4a1bb62d924b5bd1142299cd15f1c9\redhat.java\jdt_ws
java_class_path (initial): c:\Users\Alex\.vscode\extensions\redhat.java-1.11.0-win32-x64\server\plugins\org.eclipse.equinox.launcher_1.6.400.v20210924-0641.jar
Launcher Type: SUN_STANDARD

[Global flags]
    uintx AdaptiveSizePolicyWeight                 = 90                                        {product} {command line}
     intx CICompilerCount                          = 2                                         {product} {ergonomic}
    uintx GCTimeRatio                              = 4                                         {product} {command line}
     bool HeapDumpOnOutOfMemoryError               = true                                   {manageable} {command line}
    ccstr HeapDumpPath                             = c:\Users\Alex\AppData\Roaming\Code\User\workspaceStorage\3b4a1bb62d924b5bd1142299cd15f1c9\redhat.java         {manageable} {command line}
   size_t InitialHeapSize                          = 104857600                                 {product} {command line}
   size_t MaxHeapSize                              = 1073741824                                {product} {command line}
   size_t MaxNewSize                               = 357564416                                 {product} {ergonomic}
   size_t MinHeapDeltaBytes                        = 524288                                    {product} {ergonomic}
   size_t MinHeapSize                              = 104857600                                 {product} {command line}
   size_t NewSize                                  = 34603008                                  {product} {ergonomic}
    uintx NonNMethodCodeHeapSize                   = 5826188                                {pd product} {ergonomic}
    uintx NonProfiledCodeHeapSize                  = 122916026                              {pd product} {ergonomic}
   size_t OldSize                                  = 70254592                                  {product} {ergonomic}
    uintx ProfiledCodeHeapSize                     = 122916026                              {pd product} {ergonomic}
    uintx ReservedCodeCacheSize                    = 251658240                              {pd product} {ergonomic}
     bool SegmentedCodeCache                       = true                                      {product} {ergonomic}
   size_t SoftMaxHeapSize                          = 1073741824                             {manageable} {ergonomic}
     bool UseCompressedClassPointers               = true                           {product lp64_product} {ergonomic}
     bool UseCompressedOops                        = true                           {product lp64_product} {ergonomic}
     bool UseLargePagesIndividualAllocation        = false                                  {pd product} {ergonomic}
     bool UseParallelGC                            = true                                      {product} {command line}

Logging:
Log output configuration:
 #0: stdout all=off uptime,level,tags
 #1: stderr all=off uptime,level,tags

Environment Variables:
PATH=C:\Program Files\Eclipse Adoptium\jdk-17.0.3.7-hotspot\bin;C:\Program Files\Microsoft\jdk-11.0.12.7-hotspot\bin;C:\Windows\system32;C:\Windows;C:\Windows\System32\Wbem;C:\Windows\System32\WindowsPowerShell\v1.0\;C:\Windows\System32\OpenSSH\;C:\Program Files\Microsoft SQL Server\150\Tools\Binn\;C:\Program Files\Microsoft SQL Server\Client SDK\ODBC\170\Tools\Binn\;C:\TDM-GCC-64\bin;C:\Program Files\Go\bin;C:\Program Files (x86)\Microsoft SQL Server\150\Tools\Binn\;C:\Program Files\Microsoft SQL Server\150\DTS\Binn\;C:\Program Files (x86)\Microsoft SQL Server\150\DTS\Binn\;C:\Program Files\Azure Data Studio\bin;C:\Program Files\dotnet\;C:\Program Files\nodejs\;C:\ProgramData\chocolatey\bin;C:\Program Files\Git\cmd;C:\Ruby31-x64\bin;C:\Users\Alex\AppData\Local\Microsoft\WindowsApps;C:\Users\Alex\.dotnet\tools;C:\Users\Alex\AppData\Local\Programs\Microsoft VS Code\bin;C:\Users\Alex\go\bin;C:\Program Files\Azure Data Studio\bin;C:\Users\Alex\AppData\Local\GitHubDesktop\bin;C:\Users\Alex\AppData\Roaming\npm;C:\Program Files\JetBrains\RubyMine 2022.2.3\bin;;C:\Program Files\JetBrains\GoLand 2022.2.3\bin;;C:\Program Files\JetBrains\PyCharm 2022.2.2\bin;;C:\Program Files\JetBrains\IntelliJ IDEA 2022.2.3\bin;
USERNAME=Alex
OS=Windows_NT
PROCESSOR_IDENTIFIER=Intel64 Family 6 Model 61 Stepping 4, GenuineIntel
TMP=C:\Users\Alex\AppData\Local\Temp
TEMP=C:\Users\Alex\AppData\Local\Temp



---------------  S Y S T E M  ---------------

OS:
 Windows 10 , 64 bit Build 19041 (10.0.19041.1889)
OS uptime: 0 days 12:08 hours
VMWare virtualization detected

CPU: total 2 (initial active 2) (1 cores per cpu, 1 threads per core) family 6 model 61 stepping 4 microcode 0x0, cx8, cmov, fxsr, mmx, 3dnowpref, sse, sse2, sse3, ssse3, sse4.1, sse4.2, popcnt, lzcnt, tsc, tscinvbit, avx, avx2, aes, erms, clmul, bmi1, bmi2, adx, fma, vzeroupper, clflush, hv

Memory: 4k page, system-wide physical 2499M (75M free)
TotalPageFile size 10179M (AvailPageFile size 0M)
current process WorkingSet (physical memory assigned to process): 46M, peak: 46M
current process commit charge ("private bytes"): 171M, peak: 171M

vm_info: OpenJDK 64-Bit Server VM (17.0.4.1+1) for windows-amd64 JRE (17.0.4.1+1), built on Aug 17 2022 07:42:43 by "temurin" with MS VC++ 16.7 (VS2019)

END.
