#
# There is insufficient memory for the Java Runtime Environment to continue.
# Native memory allocation (mmap) failed to map 65536 bytes for Failed to commit metaspace.
# Possible reasons:
#   The system is out of physical RAM or swap space
#   The process is running with CompressedOops enabled, and the Java Heap may be blocking the growth of the native heap
# Possible solutions:
#   Reduce memory load on the system
#   Increase physical memory or swap space
#   Check if swap backing store is full
#   Decrease Java heap size (-Xmx/-Xms)
#   Decrease number of Java threads
#   Decrease Java thread stack sizes (-Xss)
#   Set larger code cache with -XX:ReservedCodeCacheSize=
#   JVM is running with Unscaled Compressed Oops mode in which the Java heap is
#     placed in the first 4GB address space. The Java Heap base address is the
#     maximum limit for the native heap growth. Please use -XX:HeapBaseMinAddress
#     to set the Java Heap base and to place the Java Heap above 4GB virtual address.
# This output file may be truncated or incomplete.
#
#  Out of Memory Error (virtualSpaceNode.cpp:110), pid=14728, tid=13492
#
# JRE version: OpenJDK Runtime Environment Temurin-17.0.4.1+1 (17.0.4.1+1) (build 17.0.4.1+1)
# Java VM: OpenJDK 64-Bit Server VM Temurin-17.0.4.1+1 (17.0.4.1+1, mixed mode, tiered, compressed oops, compressed class ptrs, parallel gc, windows-amd64)
# No core dump will be written. Minidumps are not enabled by default on client versions of Windows
#

---------------  S U M M A R Y ------------

Command Line: --add-modules=ALL-SYSTEM --add-opens=java.base/java.util=ALL-UNNAMED --add-opens=java.base/java.lang=ALL-UNNAMED --add-opens=java.base/sun.nio.fs=ALL-UNNAMED -Declipse.application=org.eclipse.jdt.ls.core.id1 -Dosgi.bundles.defaultStartLevel=4 -Declipse.product=org.eclipse.jdt.ls.core.product -Djava.import.generatesMetadataFilesAtProjectRoot=false -Dfile.encoding=utf8 -DwatchParentProcess=false -XX:+UseParallelGC -XX:GCTimeRatio=4 -XX:AdaptiveSizePolicyWeight=90 -Dsun.zip.disableMemoryMapping=true -Xmx1G -Xms100m -Xlog:disable -javaagent:c:\Users\Alex\.vscode\extensions\redhat.java-1.11.0-win32-x64\lombok\lombok-1.18.24.jar c:\Users\Alex\.vscode\extensions\redhat.java-1.11.0-win32-x64\server\plugins\org.eclipse.equinox.launcher_1.6.400.v20210924-0641.jar -configuration c:\Users\Alex\AppData\Roaming\Code\User\globalStorage\redhat.java\1.11.0\config_ss_win -data c:\Users\Alex\AppData\Roaming\Code\User\workspaceStorage\3b4a1bb62d924b5bd1142299cd15f1c9\redhat.java\ss_ws

Host: Intel(R) Core(TM) i5-5287U CPU @ 2.90GHz, 2 cores, 2G,  Windows 10 , 64 bit Build 19041 (10.0.19041.1889)
Time: Sat Oct 15 09:37:54 2022 E. Europe Summer Time elapsed time: 5.384718 seconds (0d 0h 0m 5s)

---------------  T H R E A D  ---------------

Current thread (0x0000014e60b81e40):  JavaThread "main" [_thread_in_vm, id=13492, stack(0x00000040e6000000,0x00000040e6100000)]

Stack: [0x00000040e6000000,0x00000040e6100000]
Native frames: (J=compiled Java code, j=interpreted, Vv=VM code, C=native code)
V  [jvm.dll+0x67731a]
V  [jvm.dll+0x832284]
V  [jvm.dll+0x833a2e]
V  [jvm.dll+0x834093]
V  [jvm.dll+0x245775]
V  [jvm.dll+0x82e22b]
V  [jvm.dll+0x61bdf6]
V  [jvm.dll+0x61be5a]
V  [jvm.dll+0x61e67a]
V  [jvm.dll+0x61c796]
V  [jvm.dll+0x2431cc]
V  [jvm.dll+0x6cd7ed]
V  [jvm.dll+0x6ce21f]
V  [jvm.dll+0x370333]
V  [jvm.dll+0x3701a6]
V  [jvm.dll+0x3701a6]
V  [jvm.dll+0x36f512]
V  [jvm.dll+0x36f4b8]
V  [jvm.dll+0x37f2da]
C  0x0000014e6383af44

Java frames: (J=compiled Java code, j=interpreted, Vv=VM code)
j  java.lang.invoke.VarHandles.makeFieldHandle(Ljava/lang/invoke/MemberName;Ljava/lang/Class;Ljava/lang/Class;Z)Ljava/lang/invoke/VarHandle;+490 java.base@17.0.4.1
j  java.lang.invoke.MethodHandles$Lookup.getFieldVarHandleCommon(BBLjava/lang/Class;Ljava/lang/invoke/MemberName;Ljava/lang/invoke/MemberName;Z)Ljava/lang/invoke/VarHandle;+270 java.base@17.0.4.1
j  java.lang.invoke.MethodHandles$Lookup.getFieldVarHandle(BBLjava/lang/Class;Ljava/lang/invoke/MemberName;Ljava/lang/invoke/MemberName;)Ljava/lang/invoke/VarHandle;+12 java.base@17.0.4.1
j  java.lang.invoke.MethodHandles$Lookup.findStaticVarHandle(Ljava/lang/Class;Ljava/lang/String;Ljava/lang/Class;)Ljava/lang/invoke/VarHandle;+28 java.base@17.0.4.1
j  jdk.internal.event.EventHelper.<clinit>()V+31 java.base@17.0.4.1
v  ~StubRoutines::call_stub
j  sun.security.provider.X509Factory.commitEvent(Lsun/security/x509/X509CertImpl;)V+15 java.base@17.0.4.1
j  sun.security.provider.X509Factory.engineGenerateCertificate(Ljava/io/InputStream;)Ljava/security/cert/Certificate;+71 java.base@17.0.4.1
j  java.security.cert.CertificateFactory.generateCertificate(Ljava/io/InputStream;)Ljava/security/cert/Certificate;+5 java.base@17.0.4.1
j  sun.security.pkcs.PKCS7.parseSignedData(Lsun/security/util/DerValue;)V+264 java.base@17.0.4.1
j  sun.security.pkcs.PKCS7.parse(Lsun/security/util/DerInputStream;Z)V+40 java.base@17.0.4.1
j  sun.security.pkcs.PKCS7.parse(Lsun/security/util/DerInputStream;)V+11 java.base@17.0.4.1
j  sun.security.pkcs.PKCS7.<init>([B)V+50 java.base@17.0.4.1
j  sun.security.util.SignatureFileVerifier.<init>(Ljava/util/ArrayList;Lsun/security/util/ManifestDigester;Ljava/lang/String;[B)V+40 java.base@17.0.4.1
j  java.util.jar.JarVerifier.processEntry(Lsun/security/util/ManifestEntryVerifier;)V+322 java.base@17.0.4.1
j  java.util.jar.JarVerifier.update(I[BIILsun/security/util/ManifestEntryVerifier;)V+39 java.base@17.0.4.1
j  java.util.jar.JarFile.initializeVerifier()V+163 java.base@17.0.4.1
j  java.util.jar.JarFile.ensureInitialization()V+41 java.base@17.0.4.1
j  java.util.jar.JavaUtilJarAccessImpl.ensureInitialization(Ljava/util/jar/JarFile;)V+1 java.base@17.0.4.1
j  jdk.internal.loader.URLClassPath$JarLoader$2.getManifest()Ljava/util/jar/Manifest;+10 java.base@17.0.4.1
j  jdk.internal.loader.BuiltinClassLoader.defineClass(Ljava/lang/String;Ljdk/internal/loader/Resource;)Ljava/lang/Class;+29 java.base@17.0.4.1
j  jdk.internal.loader.BuiltinClassLoader.findClassOnClassPathOrNull(Ljava/lang/String;)Ljava/lang/Class;+37 java.base@17.0.4.1
j  jdk.internal.loader.BuiltinClassLoader.loadClassOrNull(Ljava/lang/String;Z)Ljava/lang/Class;+111 java.base@17.0.4.1
j  jdk.internal.loader.BuiltinClassLoader.loadClass(Ljava/lang/String;Z)Ljava/lang/Class;+3 java.base@17.0.4.1
j  jdk.internal.loader.ClassLoaders$AppClassLoader.loadClass(Ljava/lang/String;Z)Ljava/lang/Class;+36 java.base@17.0.4.1
j  java.lang.ClassLoader.loadClass(Ljava/lang/String;)Ljava/lang/Class;+3 java.base@17.0.4.1
v  ~StubRoutines::call_stub
j  java.lang.Class.forName0(Ljava/lang/String;ZLjava/lang/ClassLoader;Ljava/lang/Class;)Ljava/lang/Class;+0 java.base@17.0.4.1
j  java.lang.Class.forName(Ljava/lang/String;ZLjava/lang/ClassLoader;)Ljava/lang/Class;+43 java.base@17.0.4.1
j  sun.launcher.LauncherHelper.loadMainClass(ILjava/lang/String;)Ljava/lang/Class;+95 java.base@17.0.4.1
j  sun.launcher.LauncherHelper.checkAndLoadMain(ZILjava/lang/String;)Ljava/lang/Class;+42 java.base@17.0.4.1
v  ~StubRoutines::call_stub

---------------  P R O C E S S  ---------------

Threads class SMR info:
_java_thread_list=0x0000014e75fdef70, length=12, elements={
0x0000014e60b81e40, 0x0000014e74961b50, 0x0000014e74962700, 0x0000014e74989260,
0x0000014e74989e10, 0x0000014e7498a9c0, 0x0000014e7498b570, 0x0000014e7498f320,
0x0000014e749edc40, 0x0000014e749fa900, 0x0000014e60c3dfb0, 0x0000014e75f89d80
}

Java Threads: ( => current thread )
=>0x0000014e60b81e40 JavaThread "main" [_thread_in_vm, id=13492, stack(0x00000040e6000000,0x00000040e6100000)]
  0x0000014e74961b50 JavaThread "Reference Handler" daemon [_thread_blocked, id=14772, stack(0x00000040e6400000,0x00000040e6500000)]
  0x0000014e74962700 JavaThread "Finalizer" daemon [_thread_blocked, id=13952, stack(0x00000040e6500000,0x00000040e6600000)]
  0x0000014e74989260 JavaThread "Signal Dispatcher" daemon [_thread_blocked, id=4860, stack(0x00000040e6600000,0x00000040e6700000)]
  0x0000014e74989e10 JavaThread "Attach Listener" daemon [_thread_blocked, id=5472, stack(0x00000040e6700000,0x00000040e6800000)]
  0x0000014e7498a9c0 JavaThread "Service Thread" daemon [_thread_blocked, id=15096, stack(0x00000040e6800000,0x00000040e6900000)]
  0x0000014e7498b570 JavaThread "Monitor Deflation Thread" daemon [_thread_blocked, id=4996, stack(0x00000040e6900000,0x00000040e6a00000)]
  0x0000014e7498f320 JavaThread "C2 CompilerThread0" daemon [_thread_blocked, id=14392, stack(0x00000040e6a00000,0x00000040e6b00000)]
  0x0000014e749edc40 JavaThread "C1 CompilerThread0" daemon [_thread_blocked, id=14792, stack(0x00000040e6b00000,0x00000040e6c00000)]
  0x0000014e749fa900 JavaThread "Sweeper thread" daemon [_thread_blocked, id=8900, stack(0x00000040e6c00000,0x00000040e6d00000)]
  0x0000014e60c3dfb0 JavaThread "Common-Cleaner" daemon [_thread_blocked, id=14696, stack(0x00000040e6d00000,0x00000040e6e00000)]
  0x0000014e75f89d80 JavaThread "Notification Thread" daemon [_thread_blocked, id=12440, stack(0x00000040e6e00000,0x00000040e6f00000)]

Other Threads:
  0x0000014e749488a0 VMThread "VM Thread" [stack: 0x00000040e6300000,0x00000040e6400000] [id=9672]
  0x0000014e75fc86f0 WatcherThread [stack: 0x00000040e6f00000,0x00000040e7000000] [id=5520]
  0x0000014e60b97360 GCTaskThread "GC Thread#0" [stack: 0x00000040e6200000,0x00000040e6300000] [id=10956]

Threads with active compile tasks:

VM state: not at safepoint (normal execution)

VM Mutex/Monitor currently owned by a thread:  ([mutex/lock_event])
[0x0000014e60b7c630] Metaspace_lock - owner thread: 0x0000014e60b81e40

Heap address: 0x00000000c0000000, size: 1024 MB, Compressed Oops mode: 32-bit

CDS archive(s) not mapped
Compressed class space mapped at: 0x0000000100000000-0x0000000140000000, reserved size: 1073741824
Narrow klass base: 0x0000000000000000, Narrow klass shift: 3, Narrow klass range: 0x140000000

GC Precious Log:
 CPUs: 2 total, 2 available
 Memory: 2499M
 Large Page Support: Disabled
 NUMA Support: Disabled
 Compressed Oops: Enabled (32-bit)
 Alignments: Space 512K, Generation 512K, Heap 2M
 Heap Min Capacity: 100M
 Heap Initial Capacity: 100M
 Heap Max Capacity: 1G
 Pre-touch: Disabled
 Parallel Workers: 2

Heap:
 PSYoungGen      total 29696K, used 9309K [0x00000000eab00000, 0x00000000ecc00000, 0x0000000100000000)
  eden space 25600K, 36% used [0x00000000eab00000,0x00000000eb417678,0x00000000ec400000)
  from space 4096K, 0% used [0x00000000ec800000,0x00000000ec800000,0x00000000ecc00000)
  to   space 4096K, 0% used [0x00000000ec400000,0x00000000ec400000,0x00000000ec800000)
 ParOldGen       total 68608K, used 0K [0x00000000c0000000, 0x00000000c4300000, 0x00000000eab00000)
  object space 68608K, 0% used [0x00000000c0000000,0x00000000c0000000,0x00000000c4300000)
 Metaspace       used 7369K, committed 7424K, reserved 1056768K
  class space    used 722K, committed 768K, reserved 1048576K

Card table byte_map: [0x0000014e60540000,0x0000014e60750000] _byte_map_base: 0x0000014e5ff40000

Marking Bits: (ParMarkBitMap*) 0x00007ffbceef2cc0
 Begin Bits: [0x0000014e72820000, 0x0000014e73820000)
 End Bits:   [0x0000014e73820000, 0x0000014e74820000)

Polling page: 0x0000014e5eaf0000

Metaspace:

Usage:
  Non-class:      6.49 MB used.
      Class:    722.37 KB used.
       Both:      7.20 MB used.

Virtual space:
  Non-class space:        8.00 MB reserved,       6.50 MB ( 81%) committed,  1 nodes.
      Class space:        1.00 GB reserved,     768.00 KB ( <1%) committed,  1 nodes.
             Both:        1.01 GB reserved,       7.25 MB ( <1%) committed. 

Chunk freelists:
   Non-Class:  1.00 MB
       Class:  3.22 MB
        Both:  4.22 MB

MaxMetaspaceSize: unlimited
CompressedClassSpaceSize: 1.00 GB
Initial GC threshold: 21.00 MB
Current GC threshold: 21.00 MB
CDS: off
MetaspaceReclaimPolicy: balanced
 - commit_granule_bytes: 65536.
 - commit_granule_words: 8192.
 - virtual_space_node_default_size: 1048576.
 - enlarge_chunks_in_place: 1.
 - new_chunks_are_fully_committed: 0.
 - uncommit_free_chunks: 1.
 - use_allocation_guard: 0.
 - handle_deallocations: 1.


Internal statistics:

num_allocs_failed_limit: 0.
num_arena_births: 10.
num_arena_deaths: 0.
num_vsnodes_births: 2.
num_vsnodes_deaths: 0.
num_space_committed: 116.
num_space_uncommitted: 0.
num_chunks_returned_to_freelist: 0.
num_chunks_taken_from_freelist: 37.
num_chunk_merges: 0.
num_chunk_splits: 20.
num_chunks_enlarged: 16.
num_purges: 0.
num_inconsistent_stats: 0.

CodeHeap 'non-profiled nmethods': size=120064Kb used=144Kb max_used=144Kb free=119919Kb
 bounds [0x0000014e6b2e0000, 0x0000014e6b550000, 0x0000014e72820000]
CodeHeap 'profiled nmethods': size=120000Kb used=596Kb max_used=596Kb free=119403Kb
 bounds [0x0000014e63db0000, 0x0000014e64020000, 0x0000014e6b2e0000]
CodeHeap 'non-nmethods': size=5696Kb used=1108Kb max_used=1122Kb free=4587Kb
 bounds [0x0000014e63820000, 0x0000014e63a90000, 0x0000014e63db0000]
 total_blobs=830 nmethods=440 adapters=305
 compilation: enabled
              stopped_count=0, restarted_count=0
 full_count=0

Compilation events (20 events):
Event: 4.902 Thread 0x0000014e749edc40 nmethod 433 0x0000014e6b300e90 code [0x0000014e6b301020, 0x0000014e6b3010f8]
Event: 4.902 Thread 0x0000014e749edc40  434       1       java.security.Provider$Service::getAliases (5 bytes)
Event: 4.902 Thread 0x0000014e749edc40 nmethod 434 0x0000014e6b301190 code [0x0000014e6b301320, 0x0000014e6b3013f8]
Event: 4.902 Thread 0x0000014e749edc40  435       3       java.security.Provider$ServiceKey::hashCode (19 bytes)
Event: 4.903 Thread 0x0000014e749edc40 nmethod 435 0x0000014e63e43a10 code [0x0000014e63e43bc0, 0x0000014e63e43d58]
Event: 4.985 Thread 0x0000014e7498f320 nmethod 429 0x0000014e6b301490 code [0x0000014e6b301640, 0x0000014e6b301b28]
Event: 4.986 Thread 0x0000014e7498f320  430       4       jdk.internal.misc.Unsafe::allocateUninitializedArray (55 bytes)
Event: 4.991 Thread 0x0000014e7498f320 nmethod 430 0x0000014e6b301e90 code [0x0000014e6b302020, 0x0000014e6b3021d8]
Event: 4.993 Thread 0x0000014e7498f320  436       4       jdk.internal.misc.Unsafe::allocateUninitializedArray (55 bytes)
Event: 4.996 Thread 0x0000014e7498f320 nmethod 436 0x0000014e6b302310 code [0x0000014e6b3024a0, 0x0000014e6b302638]
Event: 4.997 Thread 0x0000014e7498f320  437   !   4       java.lang.String::replace (258 bytes)
Event: 5.088 Thread 0x0000014e7498f320 nmethod 437 0x0000014e6b302790 code [0x0000014e6b302980, 0x0000014e6b303128]
Event: 5.245 Thread 0x0000014e7498f320  438       4       java.util.ArrayList$Itr::next (66 bytes)
Event: 5.247 Thread 0x0000014e7498f320 nmethod 438 0x0000014e6b303810 code [0x0000014e6b3039a0, 0x0000014e6b303ad8]
Event: 5.251 Thread 0x0000014e749edc40  439       3       sun.security.util.ObjectIdentifier::checkOtherComponent (41 bytes)
Event: 5.252 Thread 0x0000014e749edc40 nmethod 439 0x0000014e63e43e90 code [0x0000014e63e440c0, 0x0000014e63e447a8]
Event: 5.253 Thread 0x0000014e749edc40  440       3       sun.security.util.ObjectIdentifier::pack7Oid (84 bytes)
Event: 5.253 Thread 0x0000014e749edc40 nmethod 440 0x0000014e63e44a90 code [0x0000014e63e44c60, 0x0000014e63e44fb8]
Event: 5.256 Thread 0x0000014e7498f320  441       4       java.util.HashMap$KeyIterator::next (8 bytes)
Event: 5.264 Thread 0x0000014e7498f320 nmethod 441 0x0000014e6b303c10 code [0x0000014e6b303da0, 0x0000014e6b304018]

GC Heap History (0 events):
No events

Deoptimization events (20 events):
Event: 4.351 Thread 0x0000014e60b81e40 DEOPT PACKING pc=0x0000014e6b2ef074 sp=0x00000040e60ff0b0
Event: 4.351 Thread 0x0000014e60b81e40 DEOPT UNPACKING pc=0x0000014e638720a3 sp=0x00000040e60feff0 mode 2
Event: 4.360 Thread 0x0000014e60b81e40 DEOPT PACKING pc=0x0000014e63df6dd6 sp=0x00000040e60ff060
Event: 4.361 Thread 0x0000014e60b81e40 DEOPT UNPACKING pc=0x0000014e63872843 sp=0x00000040e60fe500 mode 0
Event: 4.993 Thread 0x0000014e60b81e40 Uncommon trap: trap_request=0xffffffde fr.pc=0x0000014e6b302124 relative=0x0000000000000104
Event: 4.993 Thread 0x0000014e60b81e40 Uncommon trap: reason=class_check action=maybe_recompile pc=0x0000014e6b302124 method=jdk.internal.misc.Unsafe.allocateUninitializedArray(Ljava/lang/Class;I)Ljava/lang/Object; @ 51 c2
Event: 4.993 Thread 0x0000014e60b81e40 DEOPT PACKING pc=0x0000014e6b302124 sp=0x00000040e60fb550
Event: 4.993 Thread 0x0000014e60b81e40 DEOPT UNPACKING pc=0x0000014e638720a3 sp=0x00000040e60fb4d8 mode 2
Event: 4.993 Thread 0x0000014e60b81e40 Uncommon trap: trap_request=0xffffffde fr.pc=0x0000014e6b302124 relative=0x0000000000000104
Event: 4.993 Thread 0x0000014e60b81e40 Uncommon trap: reason=class_check action=maybe_recompile pc=0x0000014e6b302124 method=jdk.internal.misc.Unsafe.allocateUninitializedArray(Ljava/lang/Class;I)Ljava/lang/Object; @ 51 c2
Event: 4.993 Thread 0x0000014e60b81e40 DEOPT PACKING pc=0x0000014e6b302124 sp=0x00000040e60fb550
Event: 4.993 Thread 0x0000014e60b81e40 DEOPT UNPACKING pc=0x0000014e638720a3 sp=0x00000040e60fb4d8 mode 2
Event: 4.993 Thread 0x0000014e60b81e40 Uncommon trap: trap_request=0xffffffde fr.pc=0x0000014e6b302124 relative=0x0000000000000104
Event: 4.993 Thread 0x0000014e60b81e40 Uncommon trap: reason=class_check action=maybe_recompile pc=0x0000014e6b302124 method=jdk.internal.misc.Unsafe.allocateUninitializedArray(Ljava/lang/Class;I)Ljava/lang/Object; @ 51 c2
Event: 4.993 Thread 0x0000014e60b81e40 DEOPT PACKING pc=0x0000014e6b302124 sp=0x00000040e60fb550
Event: 4.993 Thread 0x0000014e60b81e40 DEOPT UNPACKING pc=0x0000014e638720a3 sp=0x00000040e60fb4d8 mode 2
Event: 4.993 Thread 0x0000014e60b81e40 Uncommon trap: trap_request=0xffffffde fr.pc=0x0000014e6b302124 relative=0x0000000000000104
Event: 4.993 Thread 0x0000014e60b81e40 Uncommon trap: reason=class_check action=maybe_recompile pc=0x0000014e6b302124 method=jdk.internal.misc.Unsafe.allocateUninitializedArray(Ljava/lang/Class;I)Ljava/lang/Object; @ 51 c2
Event: 4.993 Thread 0x0000014e60b81e40 DEOPT PACKING pc=0x0000014e6b302124 sp=0x00000040e60fb590
Event: 4.993 Thread 0x0000014e60b81e40 DEOPT UNPACKING pc=0x0000014e638720a3 sp=0x00000040e60fb518 mode 2

Classes unloaded (0 events):
No events

Classes redefined (0 events):
No events

Internal exceptions (2 events):
Event: 1.518 Thread 0x0000014e60b81e40 Exception <a 'java/lang/NoSuchMethodError'{0x00000000eacb22a0}: 'void java.lang.invoke.DirectMethodHandle$Holder.invokeStatic(java.lang.Object, java.lang.Object, java.lang.Object)'> (0x00000000eacb22a0) 
thrown [s\src\hotspot\share\interpreter\linkResolver.cpp, line 759]
Event: 3.690 Thread 0x0000014e60b81e40 Exception <a 'java/lang/reflect/InvocationTargetException'{0x00000000eaf77ff0}> (0x00000000eaf77ff0) 
thrown [s\src\hotspot\share\runtime\reflection.cpp, line 1121]

VM Operations (10 events):
Event: 1.541 Executing VM operation: Cleanup
Event: 1.576 Executing VM operation: Cleanup done
Event: 1.598 Executing VM operation: HandshakeAllThreads
Event: 1.598 Executing VM operation: HandshakeAllThreads done
Event: 2.679 Executing VM operation: HandshakeAllThreads
Event: 2.679 Executing VM operation: HandshakeAllThreads done
Event: 2.679 Executing VM operation: Cleanup
Event: 2.679 Executing VM operation: Cleanup done
Event: 4.700 Executing VM operation: Cleanup
Event: 4.701 Executing VM operation: Cleanup done

Events (20 events):
Event: 5.261 loading class jdk/internal/event/EventHelper
Event: 5.261 loading class jdk/internal/event/EventHelper done
Event: 5.262 loading class java/lang/System$Logger
Event: 5.262 loading class java/lang/System$Logger done
Event: 5.262 loading class java/lang/invoke/VarHandles
Event: 5.264 loading class java/lang/invoke/VarHandles done
Event: 5.264 loading class java/lang/invoke/VarHandles$1
Event: 5.265 loading class java/lang/ClassValue
Event: 5.266 loading class java/lang/ClassValue done
Event: 5.266 loading class java/lang/invoke/VarHandles$1 done
Event: 5.266 loading class java/lang/ClassValue$Entry
Event: 5.266 loading class java/lang/ClassValue$Entry done
Event: 5.267 loading class java/lang/ClassValue$Identity
Event: 5.267 loading class java/lang/ClassValue$Identity done
Event: 5.267 loading class java/lang/ClassValue$Version
Event: 5.267 loading class java/lang/ClassValue$Version done
Event: 5.267 loading class java/lang/invoke/VarHandleReferences$FieldStaticReadWrite
Event: 5.269 loading class java/lang/invoke/VarHandleReferences$FieldStaticReadOnly
Event: 5.269 loading class java/lang/invoke/VarHandleReferences$FieldStaticReadOnly done
Event: 5.269 loading class java/lang/invoke/VarHandleReferences$FieldStaticReadWrite done


Dynamic libraries:
0x00007ff718360000 - 0x00007ff71836e000 	c:\Users\Alex\.vscode\extensions\redhat.java-1.11.0-win32-x64\jre\17.0.4.1-win32-x86_64\bin\java.exe
0x00007ffc4b1f0000 - 0x00007ffc4b3e8000 	C:\Windows\SYSTEM32\ntdll.dll
0x00007ffc49f90000 - 0x00007ffc4a04d000 	C:\Windows\System32\KERNEL32.DLL
0x00007ffc48f70000 - 0x00007ffc49242000 	C:\Windows\System32\KERNELBASE.dll
0x00007ffc48cd0000 - 0x00007ffc48dd0000 	C:\Windows\System32\ucrtbase.dll
0x00007ffc20470000 - 0x00007ffc20488000 	c:\Users\Alex\.vscode\extensions\redhat.java-1.11.0-win32-x64\jre\17.0.4.1-win32-x86_64\bin\jli.dll
0x00007ffc49d30000 - 0x00007ffc49ecd000 	C:\Windows\System32\USER32.dll
0x00007ffc48a10000 - 0x00007ffc48a32000 	C:\Windows\System32\win32u.dll
0x00007ffc4ad60000 - 0x00007ffc4ad8b000 	C:\Windows\System32\GDI32.dll
0x00007ffc48900000 - 0x00007ffc48a0f000 	C:\Windows\System32\gdi32full.dll
0x00007ffc48a40000 - 0x00007ffc48add000 	C:\Windows\System32\msvcp_win.dll
0x00007ffc1ce30000 - 0x00007ffc1ce49000 	c:\Users\Alex\.vscode\extensions\redhat.java-1.11.0-win32-x64\jre\17.0.4.1-win32-x86_64\bin\VCRUNTIME140.dll
0x00007ffc221f0000 - 0x00007ffc2248a000 	C:\Windows\WinSxS\amd64_microsoft.windows.common-controls_6595b64144ccf1df_6.0.19041.1110_none_60b5254171f9507e\COMCTL32.dll
0x00007ffc4a050000 - 0x00007ffc4a0ee000 	C:\Windows\System32\msvcrt.dll
0x00007ffc49c50000 - 0x00007ffc49c80000 	C:\Windows\System32\IMM32.DLL
0x00007ffc390b0000 - 0x00007ffc390bc000 	c:\Users\Alex\.vscode\extensions\redhat.java-1.11.0-win32-x64\jre\17.0.4.1-win32-x86_64\bin\vcruntime140_1.dll
0x00007ffc04ee0000 - 0x00007ffc04f71000 	c:\Users\Alex\.vscode\extensions\redhat.java-1.11.0-win32-x64\jre\17.0.4.1-win32-x86_64\bin\msvcp140.dll
0x00007ffbce370000 - 0x00007ffbcefb6000 	c:\Users\Alex\.vscode\extensions\redhat.java-1.11.0-win32-x64\jre\17.0.4.1-win32-x86_64\bin\server\jvm.dll
0x00007ffc49940000 - 0x00007ffc499ee000 	C:\Windows\System32\ADVAPI32.dll
0x00007ffc49c90000 - 0x00007ffc49d2c000 	C:\Windows\System32\sechost.dll
0x00007ffc4a8d0000 - 0x00007ffc4a9f5000 	C:\Windows\System32\RPCRT4.dll
0x00007ffc49c80000 - 0x00007ffc49c88000 	C:\Windows\System32\PSAPI.DLL
0x00007ffc34960000 - 0x00007ffc34969000 	C:\Windows\SYSTEM32\WSOCK32.dll
0x00007ffc4b140000 - 0x00007ffc4b1ab000 	C:\Windows\System32\WS2_32.dll
0x00007ffc40cb0000 - 0x00007ffc40cd7000 	C:\Windows\SYSTEM32\WINMM.dll
0x00007ffc40ce0000 - 0x00007ffc40cea000 	C:\Windows\SYSTEM32\VERSION.dll
0x00007ffc467c0000 - 0x00007ffc467d2000 	C:\Windows\SYSTEM32\kernel.appcore.dll
0x00007ffc1d200000 - 0x00007ffc1d20a000 	c:\Users\Alex\.vscode\extensions\redhat.java-1.11.0-win32-x64\jre\17.0.4.1-win32-x86_64\bin\jimage.dll
0x00007ffc38c20000 - 0x00007ffc38e04000 	C:\Windows\SYSTEM32\DBGHELP.DLL
0x00007ffc38900000 - 0x00007ffc3892c000 	C:\Windows\SYSTEM32\dbgcore.DLL
0x00007ffc48ae0000 - 0x00007ffc48b62000 	C:\Windows\System32\bcryptPrimitives.dll
0x00007ffc1c7a0000 - 0x00007ffc1c7ae000 	c:\Users\Alex\.vscode\extensions\redhat.java-1.11.0-win32-x64\jre\17.0.4.1-win32-x86_64\bin\instrument.dll
0x00007ffc10e50000 - 0x00007ffc10e75000 	c:\Users\Alex\.vscode\extensions\redhat.java-1.11.0-win32-x64\jre\17.0.4.1-win32-x86_64\bin\java.dll
0x00007ffc1c470000 - 0x00007ffc1c488000 	c:\Users\Alex\.vscode\extensions\redhat.java-1.11.0-win32-x64\jre\17.0.4.1-win32-x86_64\bin\zip.dll
0x00007ffc4a0f0000 - 0x00007ffc4a833000 	C:\Windows\System32\SHELL32.dll
0x00007ffc469c0000 - 0x00007ffc47151000 	C:\Windows\SYSTEM32\windows.storage.dll
0x00007ffc4aa00000 - 0x00007ffc4ad54000 	C:\Windows\System32\combase.dll
0x00007ffc48280000 - 0x00007ffc482b0000 	C:\Windows\SYSTEM32\Wldp.dll
0x00007ffc4b010000 - 0x00007ffc4b0bd000 	C:\Windows\System32\SHCORE.dll
0x00007ffc49f30000 - 0x00007ffc49f85000 	C:\Windows\System32\shlwapi.dll
0x00007ffc48840000 - 0x00007ffc4885f000 	C:\Windows\SYSTEM32\profapi.dll
0x00007ffc17290000 - 0x00007ffc172a9000 	C:\Users\Alex\.vscode\extensions\redhat.java-1.11.0-win32-x64\jre\17.0.4.1-win32-x86_64\bin\net.dll
0x00007ffc40450000 - 0x00007ffc4055d000 	C:\Windows\SYSTEM32\WINHTTP.dll
0x00007ffc47fe0000 - 0x00007ffc4804a000 	C:\Windows\system32\mswsock.dll
0x00007ffc10a70000 - 0x00007ffc10a85000 	C:\Users\Alex\.vscode\extensions\redhat.java-1.11.0-win32-x64\jre\17.0.4.1-win32-x86_64\bin\nio.dll
0x00007ffc1a680000 - 0x00007ffc1a690000 	c:\Users\Alex\.vscode\extensions\redhat.java-1.11.0-win32-x64\jre\17.0.4.1-win32-x86_64\bin\verify.dll

dbghelp: loaded successfully - version: 4.0.5 - missing functions: none
symbol engine: initialized successfully - sym options: 0x614 - pdb path: .;c:\Users\Alex\.vscode\extensions\redhat.java-1.11.0-win32-x64\jre\17.0.4.1-win32-x86_64\bin;C:\Windows\SYSTEM32;C:\Windows\WinSxS\amd64_microsoft.windows.common-controls_6595b64144ccf1df_6.0.19041.1110_none_60b5254171f9507e;c:\Users\Alex\.vscode\extensions\redhat.java-1.11.0-win32-x64\jre\17.0.4.1-win32-x86_64\bin\server

VM Arguments:
jvm_args: --add-modules=ALL-SYSTEM --add-opens=java.base/java.util=ALL-UNNAMED --add-opens=java.base/java.lang=ALL-UNNAMED --add-opens=java.base/sun.nio.fs=ALL-UNNAMED -Declipse.application=org.eclipse.jdt.ls.core.id1 -Dosgi.bundles.defaultStartLevel=4 -Declipse.product=org.eclipse.jdt.ls.core.product -Djava.import.generatesMetadataFilesAtProjectRoot=false -Dfile.encoding=utf8 -DwatchParentProcess=false -XX:+UseParallelGC -XX:GCTimeRatio=4 -XX:AdaptiveSizePolicyWeight=90 -Dsun.zip.disableMemoryMapping=true -Xmx1G -Xms100m -Xlog:disable -javaagent:c:\Users\Alex\.vscode\extensions\redhat.java-1.11.0-win32-x64\lombok\lombok-1.18.24.jar 
java_command: c:\Users\Alex\.vscode\extensions\redhat.java-1.11.0-win32-x64\server\plugins\org.eclipse.equinox.launcher_1.6.400.v20210924-0641.jar -configuration c:\Users\Alex\AppData\Roaming\Code\User\globalStorage\redhat.java\1.11.0\config_ss_win -data c:\Users\Alex\AppData\Roaming\Code\User\workspaceStorage\3b4a1bb62d924b5bd1142299cd15f1c9\redhat.java\ss_ws
java_class_path (initial): c:\Users\Alex\.vscode\extensions\redhat.java-1.11.0-win32-x64\server\plugins\org.eclipse.equinox.launcher_1.6.400.v20210924-0641.jar
Launcher Type: SUN_STANDARD

[Global flags]
    uintx AdaptiveSizePolicyWeight                 = 90                                        {product} {command line}
     intx CICompilerCount                          = 2                                         {product} {ergonomic}
    uintx GCTimeRatio                              = 4                                         {product} {command line}
   size_t InitialHeapSize                          = 104857600                                 {product} {command line}
   size_t MaxHeapSize                              = 1073741824                                {product} {command line}
   size_t MaxNewSize                               = 357564416                                 {product} {ergonomic}
   size_t MinHeapDeltaBytes                        = 524288                                    {product} {ergonomic}
   size_t MinHeapSize                              = 104857600                                 {product} {command line}
   size_t NewSize                                  = 34603008                                  {product} {ergonomic}
    uintx NonNMethodCodeHeapSize                   = 5826188                                {pd product} {ergonomic}
    uintx NonProfiledCodeHeapSize                  = 122916026                              {pd product} {ergonomic}
   size_t OldSize                                  = 70254592                                  {product} {ergonomic}
    uintx ProfiledCodeHeapSize                     = 122916026                              {pd product} {ergonomic}
    uintx ReservedCodeCacheSize                    = 251658240                              {pd product} {ergonomic}
     bool SegmentedCodeCache                       = true                                      {product} {ergonomic}
   size_t SoftMaxHeapSize                          = 1073741824                             {manageable} {ergonomic}
     bool UseCompressedClassPointers               = true                           {product lp64_product} {ergonomic}
     bool UseCompressedOops                        = true                           {product lp64_product} {ergonomic}
     bool UseLargePagesIndividualAllocation        = false                                  {pd product} {ergonomic}
     bool UseParallelGC                            = true                                      {product} {command line}

Logging:
Log output configuration:
 #0: stdout all=off uptime,level,tags
 #1: stderr all=off uptime,level,tags

Environment Variables:
PATH=C:\Program Files\Eclipse Adoptium\jdk-17.0.3.7-hotspot\bin;C:\Program Files\Microsoft\jdk-11.0.12.7-hotspot\bin;C:\Windows\system32;C:\Windows;C:\Windows\System32\Wbem;C:\Windows\System32\WindowsPowerShell\v1.0\;C:\Windows\System32\OpenSSH\;C:\Program Files\Microsoft SQL Server\150\Tools\Binn\;C:\Program Files\Microsoft SQL Server\Client SDK\ODBC\170\Tools\Binn\;C:\TDM-GCC-64\bin;C:\Program Files\Go\bin;C:\Program Files (x86)\Microsoft SQL Server\150\Tools\Binn\;C:\Program Files\Microsoft SQL Server\150\DTS\Binn\;C:\Program Files (x86)\Microsoft SQL Server\150\DTS\Binn\;C:\Program Files\Azure Data Studio\bin;C:\Program Files\dotnet\;C:\Program Files\nodejs\;C:\ProgramData\chocolatey\bin;C:\Program Files\Git\cmd;C:\Ruby31-x64\bin;C:\Users\Alex\AppData\Local\Microsoft\WindowsApps;C:\Users\Alex\.dotnet\tools;C:\Users\Alex\AppData\Local\Programs\Microsoft VS Code\bin;C:\Users\Alex\go\bin;C:\Program Files\Azure Data Studio\bin;C:\Users\Alex\AppData\Local\GitHubDesktop\bin;C:\Users\Alex\AppData\Roaming\npm;C:\Program Files\JetBrains\RubyMine 2022.2.3\bin;;C:\Program Files\JetBrains\GoLand 2022.2.3\bin;;C:\Program Files\JetBrains\PyCharm 2022.2.2\bin;;C:\Program Files\JetBrains\IntelliJ IDEA 2022.2.3\bin;
USERNAME=Alex
OS=Windows_NT
PROCESSOR_IDENTIFIER=Intel64 Family 6 Model 61 Stepping 4, GenuineIntel
TMP=C:\Users\Alex\AppData\Local\Temp
TEMP=C:\Users\Alex\AppData\Local\Temp



---------------  S Y S T E M  ---------------

OS:
 Windows 10 , 64 bit Build 19041 (10.0.19041.1889)
OS uptime: 0 days 12:08 hours
VMWare virtualization detected

CPU: total 2 (initial active 2) (1 cores per cpu, 1 threads per core) family 6 model 61 stepping 4 microcode 0x0, cx8, cmov, fxsr, mmx, 3dnowpref, sse, sse2, sse3, ssse3, sse4.1, sse4.2, popcnt, lzcnt, tsc, tscinvbit, avx, avx2, aes, erms, clmul, bmi1, bmi2, adx, fma, vzeroupper, clflush, hv

Memory: 4k page, system-wide physical 2499M (80M free)
TotalPageFile size 10179M (AvailPageFile size 5M)
current process WorkingSet (physical memory assigned to process): 43M, peak: 43M
current process commit charge ("private bytes"): 169M, peak: 169M

vm_info: OpenJDK 64-Bit Server VM (17.0.4.1+1) for windows-amd64 JRE (17.0.4.1+1), built on Aug 17 2022 07:42:43 by "temurin" with MS VC++ 16.7 (VS2019)

END.
